Using pre-set license
Built from '2020.3/staging' branch; Version is '2020.3.26f1 (7298b473bc1a) revision 7510196'; Using compiler version '192528614'; Build Type 'Release'
OS: 'Windows 10  (10.0.19042) 64bit Professional' Language: 'es' Physical Memory: 7108 MB
BatchMode: 1, IsHumanControllingUs: 0, StartBugReporterOnCrash: 0, Is64bit: 1, IsPro: 0

COMMAND LINE ARGUMENTS:
C:\Program Files\Unity\Hub\Editor\2020.3.26f1\Editor\Unity.exe
-adb2
-batchMode
-noUpm
-name
AssetImportWorker0
-projectPath
C:/Users/Usuario/Desktop/Proyecto coder/Lugar-de-pruebas/Lugar de pruebas2
-logFile
Logs/AssetImportWorker0.log
-srvPort
63822
Successfully changed project path to: C:/Users/Usuario/Desktop/Proyecto coder/Lugar-de-pruebas/Lugar de pruebas2
C:/Users/Usuario/Desktop/Proyecto coder/Lugar-de-pruebas/Lugar de pruebas2
Using Asset Import Pipeline V2.
Refreshing native plugins compatible for Editor in 77.96 ms, found 2 plugins.
Preloading 0 native plugins for Editor in 0.00 ms.
Initialize engine version: 2020.3.26f1 (7298b473bc1a)
[Subsystems] Discovering subsystems at path C:/Program Files/Unity/Hub/Editor/2020.3.26f1/Editor/Data/Resources/UnitySubsystems
[Subsystems] Discovering subsystems at path C:/Users/Usuario/Desktop/Proyecto coder/Lugar-de-pruebas/Lugar de pruebas2/Assets
GfxDevice: creating device client; threaded=0
Direct3D:
    Version:  Direct3D 11.0 [level 11.1]
    Renderer: AMD Radeon R5 Graphics (ID=0x9874)
    Vendor:   
    VRAM:     3554 MB
    Driver:   27.20.1034.6
Initialize mono
Mono path[0] = 'C:/Program Files/Unity/Hub/Editor/2020.3.26f1/Editor/Data/Managed'
Mono path[1] = 'C:/Program Files/Unity/Hub/Editor/2020.3.26f1/Editor/Data/MonoBleedingEdge/lib/mono/unityjit'
Mono config path = 'C:/Program Files/Unity/Hub/Editor/2020.3.26f1/Editor/Data/MonoBleedingEdge/etc'
Using monoOptions --debugger-agent=transport=dt_socket,embedding=1,server=y,suspend=n,address=127.0.0.1:56764
Begin MonoManager ReloadAssembly
Registering precompiled unity dll's ...
Register platform support module: C:/Program Files/Unity/Hub/Editor/2020.3.26f1/Editor/Data/PlaybackEngines/WindowsStandaloneSupport/UnityEditor.WindowsStandalone.Extensions.dll
Registered in 0.005013 seconds.
Native extension for WindowsStandalone target not found
Refreshing native plugins compatible for Editor in 61.35 ms, found 2 plugins.
Preloading 0 native plugins for Editor in 0.00 ms.
Mono: successfully reloaded assembly
- Completed reload, in  1.195 seconds
Domain Reload Profiling:
	ReloadAssembly (1196ms)
		BeginReloadAssembly (134ms)
			ExecutionOrderSort (0ms)
			DisableScriptedObjects (0ms)
			BackupInstance (0ms)
			ReleaseScriptingObjects (0ms)
			CreateAndSetChildDomain (3ms)
		EndReloadAssembly (913ms)
			LoadAssemblies (127ms)
			RebuildTransferFunctionScriptingTraits (0ms)
			SetupTypeCache (324ms)
			ReleaseScriptCaches (0ms)
			RebuildScriptCaches (66ms)
			SetupLoadedEditorAssemblies (307ms)
				LogAssemblyErrors (0ms)
				InitializePlatformSupportModulesInManaged (10ms)
				SetLoadedEditorAssemblies (0ms)
				RefreshPlugins (62ms)
				BeforeProcessingInitializeOnLoad (22ms)
				ProcessInitializeOnLoadAttributes (158ms)
				ProcessInitializeOnLoadMethodAttributes (55ms)
				AfterProcessingInitializeOnLoad (0ms)
				EditorAssembliesLoaded (0ms)
			ExecutionOrderSort2 (0ms)
			AwakeInstancesAfterBackupRestoration (0ms)
Platform modules already initialized, skipping
Registering precompiled user dll's ...
Registered in 0.014379 seconds.
Begin MonoManager ReloadAssembly
Native extension for WindowsStandalone target not found
Refreshing native plugins compatible for Editor in 0.67 ms, found 2 plugins.
Preloading 0 native plugins for Editor in 0.00 ms.
Mono: successfully reloaded assembly
- Completed reload, in  2.173 seconds
Domain Reload Profiling:
	ReloadAssembly (2175ms)
		BeginReloadAssembly (314ms)
			ExecutionOrderSort (0ms)
			DisableScriptedObjects (12ms)
			BackupInstance (0ms)
			ReleaseScriptingObjects (0ms)
			CreateAndSetChildDomain (35ms)
		EndReloadAssembly (1737ms)
			LoadAssemblies (255ms)
			RebuildTransferFunctionScriptingTraits (0ms)
			SetupTypeCache (577ms)
			ReleaseScriptCaches (1ms)
			RebuildScriptCaches (97ms)
			SetupLoadedEditorAssemblies (635ms)
				LogAssemblyErrors (0ms)
				InitializePlatformSupportModulesInManaged (10ms)
				SetLoadedEditorAssemblies (1ms)
				RefreshPlugins (1ms)
				BeforeProcessingInitializeOnLoad (192ms)
				ProcessInitializeOnLoadAttributes (396ms)
				ProcessInitializeOnLoadMethodAttributes (19ms)
				AfterProcessingInitializeOnLoad (16ms)
				EditorAssembliesLoaded (0ms)
			ExecutionOrderSort2 (0ms)
			AwakeInstancesAfterBackupRestoration (11ms)
Platform modules already initialized, skipping
========================================================================
Worker process is ready to serve import requests
Launched and connected shader compiler UnityShaderCompiler.exe after 0.17 seconds
Refreshing native plugins compatible for Editor in 0.87 ms, found 2 plugins.
Preloading 0 native plugins for Editor in 0.00 ms.
Unloading 1505 Unused Serialized files (Serialized files now loaded: 0)
System memory in use before: 69.8 MB.
System memory in use after: 69.9 MB.

Unloading 19 unused Assets to reduce memory usage. Loaded Objects now: 1939.
Total: 4.715100 ms (FindLiveObjects: 0.321500 ms CreateObjectMapping: 0.170100 ms MarkObjects: 4.056400 ms  DeleteObjects: 0.164300 ms)

AssetImportParameters requested are different than current active one (requested -> active):
  custom:framework-win-MediaFoundation: 216162199b28c13a410421893ffa2e32 -> 
  custom:video-decoder-ogg-theora: a1e56fd34408186e4bbccfd4996cb3dc -> 
  custom:container-muxer-webm: aa71ff27fc2769a1b78a27578f13a17b -> 
  custom:container-demuxer-webm: 4f35f7cbe854078d1ac9338744f61a02 -> 
  custom:container-demuxer-ogg: 62fdf1f143b41e24485cea50d1cbac27 -> 
  custom:video-encoder-webm-vp8: eb34c28f22e8b96e1ab97ce403110664 -> 
  custom:video-decoder-webm-vp8: 9c59270c3fd7afecdb556c50c9e8de78 -> 
  custom:audio-decoder-ogg-vorbis: bf7c407c2cedff20999df2af8eb42d56 -> 
  custom:audio-encoder-webm-vorbis: bf7c407c2cedff20999df2af8eb42d56 -> 
========================================================================
Received Import Request.
  path: Assets/9t5 PBR Textures Pack Freebies/Prefabs
  artifactKey: Guid(4147bd7c4d4a0ca40b711793043e0f11) Importer(815301076,1909f56bfc062723c751e8b465ee728b)
Start importing Assets/9t5 PBR Textures Pack Freebies/Prefabs using Guid(4147bd7c4d4a0ca40b711793043e0f11) Importer(815301076,1909f56bfc062723c751e8b465ee728b)  -> (artifact id: '8e517a0070ca0a09fbf895804b8edc45') in 0.010467 seconds 
  Import took 0.015139 seconds .

========================================================================
Received Import Request.
  Time since last request: 0.000438 seconds.
  path: Assets/9t5 PBR Textures Pack Freebies/Prefabs/Dirt 1.prefab
  artifactKey: Guid(a5f50d5a4755e3544b3907292cfc82f3) Importer(815301076,1909f56bfc062723c751e8b465ee728b)
Start importing Assets/9t5 PBR Textures Pack Freebies/Prefabs/Dirt 1.prefab using Guid(a5f50d5a4755e3544b3907292cfc82f3) Importer(815301076,1909f56bfc062723c751e8b465ee728b)  -> (artifact id: '0850b8746791ea807189741527a835e9') in 0.534470 seconds 
  Import took 0.563573 seconds .

========================================================================
Received Import Request.
  Time since last request: 0.000455 seconds.
  path: Assets/9t5 PBR Textures Pack Freebies/Prefabs/Foliage 1.prefab
  artifactKey: Guid(8d362f363b97fcd4393e38e1c8cc731d) Importer(815301076,1909f56bfc062723c751e8b465ee728b)
Start importing Assets/9t5 PBR Textures Pack Freebies/Prefabs/Foliage 1.prefab using Guid(8d362f363b97fcd4393e38e1c8cc731d) Importer(815301076,1909f56bfc062723c751e8b465ee728b)  -> (artifact id: '9f3f209251991bb2da202dc67fe00fe5') in 0.060787 seconds 
  Import took 0.065368 seconds .

========================================================================
Received Import Request.
  Time since last request: 0.000439 seconds.
  path: Assets/9t5 PBR Textures Pack Freebies/Prefabs/Grass 1.prefab
  artifactKey: Guid(f7aa865dd8f5956498ab37d7d712d6c8) Importer(815301076,1909f56bfc062723c751e8b465ee728b)
Start importing Assets/9t5 PBR Textures Pack Freebies/Prefabs/Grass 1.prefab using Guid(f7aa865dd8f5956498ab37d7d712d6c8) Importer(815301076,1909f56bfc062723c751e8b465ee728b)  -> (artifact id: 'f60a1a6a46fdcd955855a15d019cdecf') in 0.075285 seconds 
  Import took 0.091704 seconds .

========================================================================
Received Import Request.
  Time since last request: 0.011175 seconds.
  path: Assets/9t5 PBR Textures Pack Freebies/Prefabs/Wood 1.prefab
  artifactKey: Guid(62648415a1eed4c4eb8d0adafbd21b51) Importer(815301076,1909f56bfc062723c751e8b465ee728b)
Start importing Assets/9t5 PBR Textures Pack Freebies/Prefabs/Wood 1.prefab using Guid(62648415a1eed4c4eb8d0adafbd21b51) Importer(815301076,1909f56bfc062723c751e8b465ee728b)  -> (artifact id: '7b12ade65ba4e2ecca8b6408eac8db86') in 0.042939 seconds 
  Import took 0.089468 seconds .

========================================================================
Received Import Request.
  Time since last request: 0.000690 seconds.
  path: Assets/9t5 PBR Textures Pack Freebies/Prefabs/Stones 1.prefab
  artifactKey: Guid(6f702ccc9d9f1e740aa0c8b21d753b47) Importer(815301076,1909f56bfc062723c751e8b465ee728b)
Start importing Assets/9t5 PBR Textures Pack Freebies/Prefabs/Stones 1.prefab using Guid(6f702ccc9d9f1e740aa0c8b21d753b47) Importer(815301076,1909f56bfc062723c751e8b465ee728b)  -> (artifact id: '6cfa16dc9e185b341ed2b938072384a4') in 0.044783 seconds 
  Import took 0.095233 seconds .

========================================================================
Received Import Request.
  Time since last request: 0.000624 seconds.
  path: Assets/9t5 PBR Textures Pack Freebies/Prefabs/Concrete 1.prefab
  artifactKey: Guid(11682ac65dde2c443bb42add58fc98c1) Importer(815301076,1909f56bfc062723c751e8b465ee728b)
Start importing Assets/9t5 PBR Textures Pack Freebies/Prefabs/Concrete 1.prefab using Guid(11682ac65dde2c443bb42add58fc98c1) Importer(815301076,1909f56bfc062723c751e8b465ee728b)  -> (artifact id: 'ecff272d21cb063b3b95d230250348a0') in 0.032848 seconds 
  Import took 0.166902 seconds .

========================================================================
Received Import Request.
  Time since last request: 0.000547 seconds.
  path: Assets/9t5 PBR Textures Pack Freebies/Prefabs/Sand 1.prefab
  artifactKey: Guid(4f5a2d3419071a749a38554fe4648eef) Importer(815301076,1909f56bfc062723c751e8b465ee728b)
Start importing Assets/9t5 PBR Textures Pack Freebies/Prefabs/Sand 1.prefab using Guid(4f5a2d3419071a749a38554fe4648eef) Importer(815301076,1909f56bfc062723c751e8b465ee728b)  -> (artifact id: '2d6d3b06870c8d1c8c1d8c28cec55ee7') in 0.442220 seconds 
  Import took 0.484987 seconds .

========================================================================
Received Import Request.
  Time since last request: 0.033371 seconds.
  path: Assets/9t5 PBR Textures Pack Freebies/Prefabs/Gravel 1.prefab
  artifactKey: Guid(54385f0d518f98c488dec65c77e82d10) Importer(815301076,1909f56bfc062723c751e8b465ee728b)
Start importing Assets/9t5 PBR Textures Pack Freebies/Prefabs/Gravel 1.prefab using Guid(54385f0d518f98c488dec65c77e82d10) Importer(815301076,1909f56bfc062723c751e8b465ee728b)  -> (artifact id: '7e9070ea5498bf45d7eb3c6af1f63699') in 0.041076 seconds 
  Import took 0.065647 seconds .

========================================================================
Received Import Request.
  Time since last request: 0.000650 seconds.
  path: Assets/9t5 PBR Textures Pack Freebies/Prefabs/Rock 1.prefab
  artifactKey: Guid(28d3155817a00ce40804e3098b266859) Importer(815301076,1909f56bfc062723c751e8b465ee728b)
Start importing Assets/9t5 PBR Textures Pack Freebies/Prefabs/Rock 1.prefab using Guid(28d3155817a00ce40804e3098b266859) Importer(815301076,1909f56bfc062723c751e8b465ee728b)  -> (artifact id: '63eb1837b790e8d7518ed16fc61d886c') in 0.059379 seconds 
  Import took 0.120284 seconds .

========================================================================
Received Import Request.
  Time since last request: 0.000568 seconds.
  path: Assets/9t5 PBR Textures Pack Freebies/Prefabs/Snow 1.prefab
  artifactKey: Guid(7fbc873482cfc66428edbddd099e2655) Importer(815301076,1909f56bfc062723c751e8b465ee728b)
Start importing Assets/9t5 PBR Textures Pack Freebies/Prefabs/Snow 1.prefab using Guid(7fbc873482cfc66428edbddd099e2655) Importer(815301076,1909f56bfc062723c751e8b465ee728b)  -> (artifact id: '577e62a53c1ae0f6e6842ffa83b6aa70') in 0.570976 seconds 
  Import took 0.621300 seconds .

========================================================================
Received Import Request.
  Time since last request: 0.000451 seconds.
  path: Assets/9t5 PBR Textures Pack Freebies/Prefabs/Metal 1.prefab
  artifactKey: Guid(9aebf898d7de3654db25d01e0e37ad57) Importer(815301076,1909f56bfc062723c751e8b465ee728b)
Start importing Assets/9t5 PBR Textures Pack Freebies/Prefabs/Metal 1.prefab using Guid(9aebf898d7de3654db25d01e0e37ad57) Importer(815301076,1909f56bfc062723c751e8b465ee728b)  -> (artifact id: '9ad30aa8b2c20c99d76f0a630bef2468') in 0.056502 seconds 
  Import took 0.061271 seconds .

========================================================================
Received Import Request.
  Time since last request: 0.000440 seconds.
  path: Assets/9t5 PBR Textures Pack Freebies/Prefabs/Brick 1.prefab
  artifactKey: Guid(a239e0fd280faa4438d9563c407f0909) Importer(815301076,1909f56bfc062723c751e8b465ee728b)
Start importing Assets/9t5 PBR Textures Pack Freebies/Prefabs/Brick 1.prefab using Guid(a239e0fd280faa4438d9563c407f0909) Importer(815301076,1909f56bfc062723c751e8b465ee728b)  -> (artifact id: '5fde72978b1ef5b66c0a611bc907b392') in 0.059244 seconds 
  Import took 0.068446 seconds .

========================================================================
Received Import Request.
  Time since last request: 0.000435 seconds.
  path: Assets/9t5 PBR Textures Pack Freebies/Prefabs/Cracked Earth 1.prefab
  artifactKey: Guid(1a0f458acc4f0e84b8b54fa6245a49e9) Importer(815301076,1909f56bfc062723c751e8b465ee728b)
Start importing Assets/9t5 PBR Textures Pack Freebies/Prefabs/Cracked Earth 1.prefab using Guid(1a0f458acc4f0e84b8b54fa6245a49e9) Importer(815301076,1909f56bfc062723c751e8b465ee728b)  -> (artifact id: 'dd0f4a5a5a4b1c45903a14aea4560382') in 0.052141 seconds 
  Import took 0.063202 seconds .

========================================================================
Received Import Request.
  Time since last request: 0.000450 seconds.
  path: Assets/9t5 PBR Textures Pack Freebies/Prefabs/Tiles 1.prefab
  artifactKey: Guid(84ae673ac8df91449a7e351b51556202) Importer(815301076,1909f56bfc062723c751e8b465ee728b)
Start importing Assets/9t5 PBR Textures Pack Freebies/Prefabs/Tiles 1.prefab using Guid(84ae673ac8df91449a7e351b51556202) Importer(815301076,1909f56bfc062723c751e8b465ee728b)  -> (artifact id: '9465f59efaee2d786ee70563b9cd73f3') in 0.051442 seconds 
  Import took 0.069765 seconds .

========================================================================
Received Import Request.
  Time since last request: 11.805369 seconds.
  path: Assets/9t5 PBR Textures Pack Freebies/Textures/Metal 1
  artifactKey: Guid(b0b8b50c03942a54fa2a4039935fabfd) Importer(815301076,1909f56bfc062723c751e8b465ee728b)
Start importing Assets/9t5 PBR Textures Pack Freebies/Textures/Metal 1 using Guid(b0b8b50c03942a54fa2a4039935fabfd) Importer(815301076,1909f56bfc062723c751e8b465ee728b)  -> (artifact id: 'baf94097f3025bb722d2c67ffe2b2213') in 0.030389 seconds 
  Import took 0.042056 seconds .

========================================================================
Received Import Request.
  Time since last request: 0.829653 seconds.
  path: Assets/9t5 PBR Textures Pack Freebies/Textures/Metal 1/Metal 1-ao.tif
  artifactKey: Guid(67cd37ecff1858740a179642250b6364) Importer(815301076,1909f56bfc062723c751e8b465ee728b)
Start importing Assets/9t5 PBR Textures Pack Freebies/Textures/Metal 1/Metal 1-ao.tif using Guid(67cd37ecff1858740a179642250b6364) Importer(815301076,1909f56bfc062723c751e8b465ee728b)  -> (artifact id: 'e68029550359565688a89d0c6e113f92') in 0.145090 seconds 
  Import took 0.171038 seconds .

========================================================================
Received Import Request.
  Time since last request: 0.000638 seconds.
  path: Assets/9t5 PBR Textures Pack Freebies/Textures/Metal 1/Metal 1.mat
  artifactKey: Guid(e78726dc59f87384491dd90e883d24c7) Importer(815301076,1909f56bfc062723c751e8b465ee728b)
Start importing Assets/9t5 PBR Textures Pack Freebies/Textures/Metal 1/Metal 1.mat using Guid(e78726dc59f87384491dd90e883d24c7) Importer(815301076,1909f56bfc062723c751e8b465ee728b)  -> (artifact id: 'bf6d11c41d2f19f9edc31750a177daff') in 0.464084 seconds 
  Import took 0.542346 seconds .

========================================================================
Received Import Request.
  Time since last request: 0.000442 seconds.
  path: Assets/9t5 PBR Textures Pack Freebies/Textures/Metal 1/Metal 1-diffuse.png
  artifactKey: Guid(e87e102de9818074789999a9fc66d217) Importer(815301076,1909f56bfc062723c751e8b465ee728b)
Start importing Assets/9t5 PBR Textures Pack Freebies/Textures/Metal 1/Metal 1-diffuse.png using Guid(e87e102de9818074789999a9fc66d217) Importer(815301076,1909f56bfc062723c751e8b465ee728b)  -> (artifact id: 'eb2e1722a5bae491daf9ba79cd948f9d') in 0.690377 seconds 
  Import took 0.781505 seconds .

========================================================================
Received Import Request.
  Time since last request: 0.000783 seconds.
  path: Assets/9t5 PBR Textures Pack Freebies/Textures/Metal 1/Metal 1-specular.png
  artifactKey: Guid(aa443a0855f326d42b0f9a92a30f1b90) Importer(815301076,1909f56bfc062723c751e8b465ee728b)
Start importing Assets/9t5 PBR Textures Pack Freebies/Textures/Metal 1/Metal 1-specular.png using Guid(aa443a0855f326d42b0f9a92a30f1b90) Importer(815301076,1909f56bfc062723c751e8b465ee728b)  -> (artifact id: '6ad828839f99ed672fbae806d628dce7') in 0.086909 seconds 
  Import took 0.104805 seconds .

========================================================================
Received Import Request.
  Time since last request: 0.000546 seconds.
  path: Assets/9t5 PBR Textures Pack Freebies/Textures/Metal 1/Metal 1-displacement.tif
  artifactKey: Guid(450fd48c565eb484e82e476ec6ed32d5) Importer(815301076,1909f56bfc062723c751e8b465ee728b)
Start importing Assets/9t5 PBR Textures Pack Freebies/Textures/Metal 1/Metal 1-displacement.tif using Guid(450fd48c565eb484e82e476ec6ed32d5) Importer(815301076,1909f56bfc062723c751e8b465ee728b)  -> (artifact id: '6a7cf50b0d2bd06ace5e3a64df0552d9') in 0.029032 seconds 
  Import took 0.102684 seconds .

========================================================================
Received Import Request.
  Time since last request: 0.000437 seconds.
  path: Assets/9t5 PBR Textures Pack Freebies/Textures/Metal 1/Metal 1-texture.png
  artifactKey: Guid(5502ce8f5edf2504a901c0b3cb951713) Importer(815301076,1909f56bfc062723c751e8b465ee728b)
Start importing Assets/9t5 PBR Textures Pack Freebies/Textures/Metal 1/Metal 1-texture.png using Guid(5502ce8f5edf2504a901c0b3cb951713) Importer(815301076,1909f56bfc062723c751e8b465ee728b)  -> (artifact id: '0fc6d4cd3ae14ea3c40af541a0138a76') in 0.060224 seconds 
  Import took 0.071518 seconds .

========================================================================
Received Import Request.
  Time since last request: 0.000175 seconds.
  path: Assets/9t5 PBR Textures Pack Freebies/Textures/Metal 1/Metal 1-normal.png
  artifactKey: Guid(48345c619eb18ed4c803cb544605ad7f) Importer(815301076,1909f56bfc062723c751e8b465ee728b)
Start importing Assets/9t5 PBR Textures Pack Freebies/Textures/Metal 1/Metal 1-normal.png using Guid(48345c619eb18ed4c803cb544605ad7f) Importer(815301076,1909f56bfc062723c751e8b465ee728b)  -> (artifact id: 'dd333aa09347012f2b9cf6cd93215391') in 0.032969 seconds 
  Import took 0.088698 seconds .

========================================================================
Received Import Request.
  Time since last request: 226.357984 seconds.
  path: Assets/9t5 PBR Textures Pack Freebies/Textures/Brick 1/Brick 1-ao.tif
  artifactKey: Guid(befc74aea83983b4eb5c69450bf929f0) Importer(815301076,1909f56bfc062723c751e8b465ee728b)
Start importing Assets/9t5 PBR Textures Pack Freebies/Textures/Brick 1/Brick 1-ao.tif using Guid(befc74aea83983b4eb5c69450bf929f0) Importer(815301076,1909f56bfc062723c751e8b465ee728b)  -> (artifact id: 'de6b72e3768bd983a0728869c4c0fdbf') in 0.021785 seconds 
  Import took 0.049389 seconds .

========================================================================
Received Import Request.
  Time since last request: 0.000477 seconds.
  path: Assets/9t5 PBR Textures Pack Freebies/Textures/Brick 1/Brick 1.mat
  artifactKey: Guid(be9cfb24aecc2d8439be2fa5d9f4b611) Importer(815301076,1909f56bfc062723c751e8b465ee728b)
Start importing Assets/9t5 PBR Textures Pack Freebies/Textures/Brick 1/Brick 1.mat using Guid(be9cfb24aecc2d8439be2fa5d9f4b611) Importer(815301076,1909f56bfc062723c751e8b465ee728b)  -> (artifact id: '893eef73cf702473500b971c8c5deb54') in 0.070354 seconds 
  Import took 0.093134 seconds .

========================================================================
Received Import Request.
  Time since last request: 0.000449 seconds.
  path: Assets/9t5 PBR Textures Pack Freebies/Textures/Brick 1/Brick 1-specular.png
  artifactKey: Guid(53d4e7fc37c47c0438defc6f9f0d4459) Importer(815301076,1909f56bfc062723c751e8b465ee728b)
Start importing Assets/9t5 PBR Textures Pack Freebies/Textures/Brick 1/Brick 1-specular.png using Guid(53d4e7fc37c47c0438defc6f9f0d4459) Importer(815301076,1909f56bfc062723c751e8b465ee728b)  -> (artifact id: '93a0cf55e9c52873c8950857dea04390') in 0.062006 seconds 
  Import took 0.067788 seconds .

========================================================================
Received Import Request.
  Time since last request: 0.000439 seconds.
  path: Assets/9t5 PBR Textures Pack Freebies/Textures/Brick 1/Brick 1-diffuse.png
  artifactKey: Guid(40de21a4a1006d0499c3438252fa5d04) Importer(815301076,1909f56bfc062723c751e8b465ee728b)
Start importing Assets/9t5 PBR Textures Pack Freebies/Textures/Brick 1/Brick 1-diffuse.png using Guid(40de21a4a1006d0499c3438252fa5d04) Importer(815301076,1909f56bfc062723c751e8b465ee728b)  -> (artifact id: '54a2d3be379f13fd8dc80eb7d3cfa5ba') in 0.056048 seconds 
  Import took 0.066479 seconds .

========================================================================
Received Import Request.
  Time since last request: 0.000438 seconds.
  path: Assets/9t5 PBR Textures Pack Freebies/Textures/Brick 1/Brick 1-texture.png
  artifactKey: Guid(8d1c525f97b35a84f9e4b9b480a463d8) Importer(815301076,1909f56bfc062723c751e8b465ee728b)
Start importing Assets/9t5 PBR Textures Pack Freebies/Textures/Brick 1/Brick 1-texture.png using Guid(8d1c525f97b35a84f9e4b9b480a463d8) Importer(815301076,1909f56bfc062723c751e8b465ee728b)  -> (artifact id: 'e7ebac940bb6e7d1e353da9612a23692') in 0.051662 seconds 
  Import took 0.071025 seconds .

========================================================================
Received Import Request.
  Time since last request: 0.000435 seconds.
  path: Assets/9t5 PBR Textures Pack Freebies/Textures/Brick 1/Brick 1-normal.png
  artifactKey: Guid(684a36c3104b207438d37300960123c2) Importer(815301076,1909f56bfc062723c751e8b465ee728b)
Start importing Assets/9t5 PBR Textures Pack Freebies/Textures/Brick 1/Brick 1-normal.png using Guid(684a36c3104b207438d37300960123c2) Importer(815301076,1909f56bfc062723c751e8b465ee728b)  -> (artifact id: '25ed0e9807416e210e8fc39f51468436') in 0.057092 seconds 
  Import took 0.070222 seconds .

========================================================================
Received Import Request.
  Time since last request: 0.000438 seconds.
  path: Assets/9t5 PBR Textures Pack Freebies/Textures/Brick 1/Brick 1-displacement.tif
  artifactKey: Guid(d594fa3d20422b74c85945f2720786a9) Importer(815301076,1909f56bfc062723c751e8b465ee728b)
Start importing Assets/9t5 PBR Textures Pack Freebies/Textures/Brick 1/Brick 1-displacement.tif using Guid(d594fa3d20422b74c85945f2720786a9) Importer(815301076,1909f56bfc062723c751e8b465ee728b)  -> (artifact id: '22978efd80540c90ae95de8e5e693244') in 0.054137 seconds 
  Import took 0.105203 seconds .

========================================================================
Received Import Request.
  Time since last request: 140.503764 seconds.
  path: Assets/9t5 PBR Textures Pack Freebies/Textures/Dirt 1/Dirt 1-ao.tif
  artifactKey: Guid(4da6fb00f99995a4ba5e8b206371d5c0) Importer(815301076,1909f56bfc062723c751e8b465ee728b)
Start importing Assets/9t5 PBR Textures Pack Freebies/Textures/Dirt 1/Dirt 1-ao.tif using Guid(4da6fb00f99995a4ba5e8b206371d5c0) Importer(815301076,1909f56bfc062723c751e8b465ee728b)  -> (artifact id: '072eaf00f3af92ad64583c0a29f5bae0') in 0.019373 seconds 
  Import took 0.043857 seconds .

========================================================================
Received Import Request.
  Time since last request: 0.000563 seconds.
  path: Assets/9t5 PBR Textures Pack Freebies/Textures/Dirt 1/Dirt 1-displacement.tif
  artifactKey: Guid(8a9fa17708db93b42909ae69b2c6c6f2) Importer(815301076,1909f56bfc062723c751e8b465ee728b)
Start importing Assets/9t5 PBR Textures Pack Freebies/Textures/Dirt 1/Dirt 1-displacement.tif using Guid(8a9fa17708db93b42909ae69b2c6c6f2) Importer(815301076,1909f56bfc062723c751e8b465ee728b)  -> (artifact id: '6f3dbf5b91e6932e237b7a65bfba9e39') in 0.058566 seconds 
  Import took 0.073647 seconds .

========================================================================
Received Import Request.
  Time since last request: 0.000155 seconds.
  path: Assets/9t5 PBR Textures Pack Freebies/Textures/Dirt 1/Dirt 1.mat
  artifactKey: Guid(a68a0356b34100043aecefdf9eeeb040) Importer(815301076,1909f56bfc062723c751e8b465ee728b)
Start importing Assets/9t5 PBR Textures Pack Freebies/Textures/Dirt 1/Dirt 1.mat using Guid(a68a0356b34100043aecefdf9eeeb040) Importer(815301076,1909f56bfc062723c751e8b465ee728b)  -> (artifact id: 'd7c0eab8c9b8e426106287114138d1f0') in 0.083669 seconds 
  Import took 0.095192 seconds .

========================================================================
Received Import Request.
  Time since last request: 0.000449 seconds.
  path: Assets/9t5 PBR Textures Pack Freebies/Textures/Dirt 1/Dirt 1-diffuse.png
  artifactKey: Guid(4aedb388ca159f84bb2dc92b9b5a7228) Importer(815301076,1909f56bfc062723c751e8b465ee728b)
Start importing Assets/9t5 PBR Textures Pack Freebies/Textures/Dirt 1/Dirt 1-diffuse.png using Guid(4aedb388ca159f84bb2dc92b9b5a7228) Importer(815301076,1909f56bfc062723c751e8b465ee728b)  -> (artifact id: 'b9405d55d0e05fda6563e582de8ff454') in 0.059849 seconds 
  Import took 0.074679 seconds .

========================================================================
Received Import Request.
  Time since last request: 0.000447 seconds.
  path: Assets/9t5 PBR Textures Pack Freebies/Textures/Dirt 1/Dirt 1-texture.png
  artifactKey: Guid(0cd977654fbead34f8a2113d9f708c0d) Importer(815301076,1909f56bfc062723c751e8b465ee728b)
Start importing Assets/9t5 PBR Textures Pack Freebies/Textures/Dirt 1/Dirt 1-texture.png using Guid(0cd977654fbead34f8a2113d9f708c0d) Importer(815301076,1909f56bfc062723c751e8b465ee728b)  -> (artifact id: '406435bd5f6fc67db60093c907fa855a') in 0.058862 seconds 
  Import took 0.069767 seconds .

========================================================================
Received Import Request.
  Time since last request: 0.000626 seconds.
  path: Assets/9t5 PBR Textures Pack Freebies/Textures/Dirt 1/Dirt 1-normal.png
  artifactKey: Guid(7d3e6392d196a7a49aa5a960067151b5) Importer(815301076,1909f56bfc062723c751e8b465ee728b)
Start importing Assets/9t5 PBR Textures Pack Freebies/Textures/Dirt 1/Dirt 1-normal.png using Guid(7d3e6392d196a7a49aa5a960067151b5) Importer(815301076,1909f56bfc062723c751e8b465ee728b)  -> (artifact id: 'c9b2ba8f776e22bda183aa92968c9aef') in 0.066056 seconds 
  Import took 0.070253 seconds .

========================================================================
Received Import Request.
  Time since last request: 0.000445 seconds.
  path: Assets/9t5 PBR Textures Pack Freebies/Textures/Dirt 1/Dirt 1-specular.png
  artifactKey: Guid(25d00a34a643039469e4831bc5d9d0d5) Importer(815301076,1909f56bfc062723c751e8b465ee728b)
Start importing Assets/9t5 PBR Textures Pack Freebies/Textures/Dirt 1/Dirt 1-specular.png using Guid(25d00a34a643039469e4831bc5d9d0d5) Importer(815301076,1909f56bfc062723c751e8b465ee728b)  -> (artifact id: 'f457e3667d74c025c02756b6ceef73a2') in 0.053659 seconds 
  Import took 0.066043 seconds .

========================================================================
Received Import Request.
  Time since last request: 0.588873 seconds.
  path: Assets/9t5 PBR Textures Pack Freebies/Textures/Foliage 1/Foliage 1-ao.tif
  artifactKey: Guid(181186564030284488b487fbca8506b8) Importer(815301076,1909f56bfc062723c751e8b465ee728b)
Start importing Assets/9t5 PBR Textures Pack Freebies/Textures/Foliage 1/Foliage 1-ao.tif using Guid(181186564030284488b487fbca8506b8) Importer(815301076,1909f56bfc062723c751e8b465ee728b)  -> (artifact id: '167ea2845ebe583c3934db36cc8b1634') in 0.023191 seconds 
  Import took 0.046685 seconds .

========================================================================
Received Import Request.
  Time since last request: 0.000638 seconds.
  path: Assets/9t5 PBR Textures Pack Freebies/Textures/Foliage 1/Foliage 1.mat
  artifactKey: Guid(930f832d4badb0047b487bcefa991e8e) Importer(815301076,1909f56bfc062723c751e8b465ee728b)
Start importing Assets/9t5 PBR Textures Pack Freebies/Textures/Foliage 1/Foliage 1.mat using Guid(930f832d4badb0047b487bcefa991e8e) Importer(815301076,1909f56bfc062723c751e8b465ee728b)  -> (artifact id: 'edd5cba0d2b0bd5aaa50cdf8b9bf952c') in 0.050797 seconds 
  Import took 0.138211 seconds .

========================================================================
Received Import Request.
  Time since last request: 0.000582 seconds.
  path: Assets/9t5 PBR Textures Pack Freebies/Textures/Foliage 1/Foliage 1-normal.png
  artifactKey: Guid(b695aab62e5d1ce4ca3b9e3cc9aa5b83) Importer(815301076,1909f56bfc062723c751e8b465ee728b)
Start importing Assets/9t5 PBR Textures Pack Freebies/Textures/Foliage 1/Foliage 1-normal.png using Guid(b695aab62e5d1ce4ca3b9e3cc9aa5b83) Importer(815301076,1909f56bfc062723c751e8b465ee728b)  -> (artifact id: 'c43d12ae8b153ada98a0e2305f0df85c') in 0.383773 seconds 
  Import took 0.586514 seconds .

========================================================================
Received Import Request.
  Time since last request: 0.000927 seconds.
  path: Assets/9t5 PBR Textures Pack Freebies/Textures/Foliage 1/Foliage 1-specular.png
  artifactKey: Guid(c57ecc9f006d7034cab7ad1db0cd5f30) Importer(815301076,1909f56bfc062723c751e8b465ee728b)
Start importing Assets/9t5 PBR Textures Pack Freebies/Textures/Foliage 1/Foliage 1-specular.png using Guid(c57ecc9f006d7034cab7ad1db0cd5f30) Importer(815301076,1909f56bfc062723c751e8b465ee728b)  -> (artifact id: 'c8d8282712796af7860ca2c8022bbb7b') in 0.097569 seconds 
  Import took 0.103061 seconds .

========================================================================
Received Import Request.
  Time since last request: 0.000535 seconds.
  path: Assets/9t5 PBR Textures Pack Freebies/Textures/Foliage 1/Foliage 1-displacement.tif
  artifactKey: Guid(899ff80608fb086449b36b6e75e170f5) Importer(815301076,1909f56bfc062723c751e8b465ee728b)
Start importing Assets/9t5 PBR Textures Pack Freebies/Textures/Foliage 1/Foliage 1-displacement.tif using Guid(899ff80608fb086449b36b6e75e170f5) Importer(815301076,1909f56bfc062723c751e8b465ee728b)  -> (artifact id: '1fcd50101faf8ce62882c164364778ee') in 0.030683 seconds 
  Import took 0.117946 seconds .

========================================================================
Received Import Request.
  Time since last request: 0.000666 seconds.
  path: Assets/9t5 PBR Textures Pack Freebies/Textures/Foliage 1/Foliage 1-texture.png
  artifactKey: Guid(7c4cd22b0f8998345ba01479201f006e) Importer(815301076,1909f56bfc062723c751e8b465ee728b)
Start importing Assets/9t5 PBR Textures Pack Freebies/Textures/Foliage 1/Foliage 1-texture.png using Guid(7c4cd22b0f8998345ba01479201f006e) Importer(815301076,1909f56bfc062723c751e8b465ee728b)  -> (artifact id: '359209b73a0b3fbec63a419db82060d0') in 0.038004 seconds 
  Import took 0.111951 seconds .

========================================================================
Received Import Request.
  Time since last request: 0.000566 seconds.
  path: Assets/9t5 PBR Textures Pack Freebies/Textures/Foliage 1/Foliage 1-diffuse.png
  artifactKey: Guid(2f34f90496c42c6479f4635b9016fcfd) Importer(815301076,1909f56bfc062723c751e8b465ee728b)
Start importing Assets/9t5 PBR Textures Pack Freebies/Textures/Foliage 1/Foliage 1-diffuse.png using Guid(2f34f90496c42c6479f4635b9016fcfd) Importer(815301076,1909f56bfc062723c751e8b465ee728b)  -> (artifact id: '368b1c29d9386ac86b5f80fca8f55ea1') in 0.022251 seconds 
  Import took 0.097460 seconds .

========================================================================
Received Import Request.
  Time since last request: 0.471261 seconds.
  path: Assets/9t5 PBR Textures Pack Freebies/Textures/Grass 1/Grass 1-ao.tif
  artifactKey: Guid(98a8c753c4a94cb48857c1525af4eea5) Importer(815301076,1909f56bfc062723c751e8b465ee728b)
Start importing Assets/9t5 PBR Textures Pack Freebies/Textures/Grass 1/Grass 1-ao.tif using Guid(98a8c753c4a94cb48857c1525af4eea5) Importer(815301076,1909f56bfc062723c751e8b465ee728b)  -> (artifact id: 'b30f2a0497d3322b64382e0bfd3cb8c4') in 0.024915 seconds 
  Import took 0.040437 seconds .

========================================================================
Received Import Request.
  Time since last request: 0.000605 seconds.
  path: Assets/9t5 PBR Textures Pack Freebies/Textures/Grass 1/Grass 1-specular.png
  artifactKey: Guid(af3b3fb8ebd4a7a4ea96e86f0baa9786) Importer(815301076,1909f56bfc062723c751e8b465ee728b)
Start importing Assets/9t5 PBR Textures Pack Freebies/Textures/Grass 1/Grass 1-specular.png using Guid(af3b3fb8ebd4a7a4ea96e86f0baa9786) Importer(815301076,1909f56bfc062723c751e8b465ee728b)  -> (artifact id: 'a6500c4d7fd927355fb7b078b69b94ed') in 0.058919 seconds 
  Import took 0.074655 seconds .

========================================================================
Received Import Request.
  Time since last request: 0.000437 seconds.
  path: Assets/9t5 PBR Textures Pack Freebies/Textures/Grass 1/Grass 1-diffuse.png
  artifactKey: Guid(3a001d935232b49459f643de31685262) Importer(815301076,1909f56bfc062723c751e8b465ee728b)
Start importing Assets/9t5 PBR Textures Pack Freebies/Textures/Grass 1/Grass 1-diffuse.png using Guid(3a001d935232b49459f643de31685262) Importer(815301076,1909f56bfc062723c751e8b465ee728b)  -> (artifact id: '0a2c6649257404fa2f5eaeda8ec76698') in 0.069887 seconds 
  Import took 0.074395 seconds .

========================================================================
Received Import Request.
  Time since last request: 0.000940 seconds.
  path: Assets/9t5 PBR Textures Pack Freebies/Textures/Grass 1/Grass 1-texture.png
  artifactKey: Guid(053e4e9f7ce8ba047839c600f061aa1c) Importer(815301076,1909f56bfc062723c751e8b465ee728b)
Start importing Assets/9t5 PBR Textures Pack Freebies/Textures/Grass 1/Grass 1-texture.png using Guid(053e4e9f7ce8ba047839c600f061aa1c) Importer(815301076,1909f56bfc062723c751e8b465ee728b)  -> (artifact id: '49af24883546f6865b25ec02aecb8952') in 0.051928 seconds 
  Import took 0.071580 seconds .

========================================================================
Received Import Request.
  Time since last request: 0.000609 seconds.
  path: Assets/9t5 PBR Textures Pack Freebies/Textures/Grass 1/Grass 1.mat
  artifactKey: Guid(0d4a69323a1138c419a1e3aaa4a1d529) Importer(815301076,1909f56bfc062723c751e8b465ee728b)
Start importing Assets/9t5 PBR Textures Pack Freebies/Textures/Grass 1/Grass 1.mat using Guid(0d4a69323a1138c419a1e3aaa4a1d529) Importer(815301076,1909f56bfc062723c751e8b465ee728b)  -> (artifact id: '29c16db7529a4875e04a8f6cada5a393') in 0.071316 seconds 
  Import took 0.075634 seconds .

========================================================================
Received Import Request.
  Time since last request: 0.000444 seconds.
  path: Assets/9t5 PBR Textures Pack Freebies/Textures/Grass 1/Grass 1-displacement.tif
  artifactKey: Guid(3d38a0990d97b794ba01ccd58467956d) Importer(815301076,1909f56bfc062723c751e8b465ee728b)
Start importing Assets/9t5 PBR Textures Pack Freebies/Textures/Grass 1/Grass 1-displacement.tif using Guid(3d38a0990d97b794ba01ccd58467956d) Importer(815301076,1909f56bfc062723c751e8b465ee728b)  -> (artifact id: 'f35fff69f3c0401be3ba8d9d19bb0388') in 0.061194 seconds 
  Import took 0.081794 seconds .

========================================================================
Received Import Request.
  Time since last request: 0.000448 seconds.
  path: Assets/9t5 PBR Textures Pack Freebies/Textures/Grass 1/Grass 1-normal.png
  artifactKey: Guid(358d4fa45d3114c46ada12e5daad9f43) Importer(815301076,1909f56bfc062723c751e8b465ee728b)
Start importing Assets/9t5 PBR Textures Pack Freebies/Textures/Grass 1/Grass 1-normal.png using Guid(358d4fa45d3114c46ada12e5daad9f43) Importer(815301076,1909f56bfc062723c751e8b465ee728b)  -> (artifact id: '5e5bf1c5d191925595f5026a22f74998') in 0.063668 seconds 
  Import took 0.078000 seconds .

========================================================================
Received Import Request.
  Time since last request: 1.324157 seconds.
  path: Assets/9t5 PBR Textures Pack Freebies/Textures/Tiles 1/Tiles 1-ao.tif
  artifactKey: Guid(7b48adcea9eab364f86a72dd4e02daa1) Importer(815301076,1909f56bfc062723c751e8b465ee728b)
Start importing Assets/9t5 PBR Textures Pack Freebies/Textures/Tiles 1/Tiles 1-ao.tif using Guid(7b48adcea9eab364f86a72dd4e02daa1) Importer(815301076,1909f56bfc062723c751e8b465ee728b)  -> (artifact id: '88955ee288267f2bef391306752e8371') in 0.027260 seconds 
  Import took 0.034464 seconds .

========================================================================
Received Import Request.
  Time since last request: 0.000225 seconds.
  path: Assets/9t5 PBR Textures Pack Freebies/Textures/Tiles 1/Tiles 1-texture.png
  artifactKey: Guid(c74b430a5eef9914180cd993881cfd31) Importer(815301076,1909f56bfc062723c751e8b465ee728b)
Start importing Assets/9t5 PBR Textures Pack Freebies/Textures/Tiles 1/Tiles 1-texture.png using Guid(c74b430a5eef9914180cd993881cfd31) Importer(815301076,1909f56bfc062723c751e8b465ee728b)  -> (artifact id: 'af4778eb814143c39b87d2017b927b7f') in 0.028803 seconds 
  Import took 0.085038 seconds .

========================================================================
Received Import Request.
  Time since last request: 0.000618 seconds.
  path: Assets/9t5 PBR Textures Pack Freebies/Textures/Tiles 1/Tiles 1.mat
  artifactKey: Guid(51f0a4430d558874dbb3630cc9c3988d) Importer(815301076,1909f56bfc062723c751e8b465ee728b)
Start importing Assets/9t5 PBR Textures Pack Freebies/Textures/Tiles 1/Tiles 1.mat using Guid(51f0a4430d558874dbb3630cc9c3988d) Importer(815301076,1909f56bfc062723c751e8b465ee728b)  -> (artifact id: '38350622e4fd10b86cd6045121955693') in 0.053705 seconds 
  Import took 0.143660 seconds .

========================================================================
Received Import Request.
  Time since last request: 0.081447 seconds.
  path: Assets/9t5 PBR Textures Pack Freebies/Textures/Tiles 1/Tiles 1-diffuse.png
  artifactKey: Guid(905fdf5ecb0c7c5489581173e2bbd88b) Importer(815301076,1909f56bfc062723c751e8b465ee728b)
Start importing Assets/9t5 PBR Textures Pack Freebies/Textures/Tiles 1/Tiles 1-diffuse.png using Guid(905fdf5ecb0c7c5489581173e2bbd88b) Importer(815301076,1909f56bfc062723c751e8b465ee728b)  -> (artifact id: '262340c1cff6871bcab8150c35eec32d') in 0.034924 seconds 
  Import took 0.041262 seconds .

========================================================================
Received Import Request.
  Time since last request: 0.000545 seconds.
  path: Assets/9t5 PBR Textures Pack Freebies/Textures/Tiles 1/Tiles 1-normal.png
  artifactKey: Guid(4e97d5dd3b32c054a96216ecb06256ce) Importer(815301076,1909f56bfc062723c751e8b465ee728b)
Start importing Assets/9t5 PBR Textures Pack Freebies/Textures/Tiles 1/Tiles 1-normal.png using Guid(4e97d5dd3b32c054a96216ecb06256ce) Importer(815301076,1909f56bfc062723c751e8b465ee728b)  -> (artifact id: '1bbd7c6f89a167c4ac3d04fdcc840913') in 0.067357 seconds 
  Import took 0.077888 seconds .

========================================================================
Received Import Request.
  Time since last request: 0.000651 seconds.
  path: Assets/9t5 PBR Textures Pack Freebies/Textures/Tiles 1/Tiles 1-specular.png
  artifactKey: Guid(d78a9d6a253ff394d868db388abb0e97) Importer(815301076,1909f56bfc062723c751e8b465ee728b)
Start importing Assets/9t5 PBR Textures Pack Freebies/Textures/Tiles 1/Tiles 1-specular.png using Guid(d78a9d6a253ff394d868db388abb0e97) Importer(815301076,1909f56bfc062723c751e8b465ee728b)  -> (artifact id: '3f41aede9e4c3723e7b66f25fdd8f678') in 0.053656 seconds 
  Import took 0.064459 seconds .

========================================================================
Received Import Request.
  Time since last request: 0.000993 seconds.
  path: Assets/9t5 PBR Textures Pack Freebies/Textures/Tiles 1/Tiles 1-displacement.tif
  artifactKey: Guid(8950d239a927bc8478787bab03eb501d) Importer(815301076,1909f56bfc062723c751e8b465ee728b)
Start importing Assets/9t5 PBR Textures Pack Freebies/Textures/Tiles 1/Tiles 1-displacement.tif using Guid(8950d239a927bc8478787bab03eb501d) Importer(815301076,1909f56bfc062723c751e8b465ee728b)  -> (artifact id: 'bb9413ac4fe3cbb27191d194e559c83b') in 0.036623 seconds 
  Import took 0.051976 seconds .

========================================================================
Received Import Request.
  Time since last request: 615.643394 seconds.
  path: Assets/9t5 PBR Textures Pack Freebies/Textures/Wood 1/Wood 1-ao.tif
  artifactKey: Guid(28c880396f606a44caa5686bedfd5382) Importer(815301076,1909f56bfc062723c751e8b465ee728b)
Start importing Assets/9t5 PBR Textures Pack Freebies/Textures/Wood 1/Wood 1-ao.tif using Guid(28c880396f606a44caa5686bedfd5382) Importer(815301076,1909f56bfc062723c751e8b465ee728b)  -> (artifact id: '78b1155a96120431a1d2ca17eba10b7e') in 0.019368 seconds 
  Import took 0.045246 seconds .

========================================================================
Received Import Request.
  Time since last request: 0.000448 seconds.
  path: Assets/9t5 PBR Textures Pack Freebies/Textures/Wood 1/Wood 1-specular.png
  artifactKey: Guid(b154899baace38348a218d51dd8ec2a6) Importer(815301076,1909f56bfc062723c751e8b465ee728b)
Start importing Assets/9t5 PBR Textures Pack Freebies/Textures/Wood 1/Wood 1-specular.png using Guid(b154899baace38348a218d51dd8ec2a6) Importer(815301076,1909f56bfc062723c751e8b465ee728b)  -> (artifact id: '66dabcc8dbaf741930c5e444670a0f17') in 0.046374 seconds 
  Import took 0.068190 seconds .

========================================================================
Received Import Request.
  Time since last request: 0.000436 seconds.
  path: Assets/9t5 PBR Textures Pack Freebies/Textures/Wood 1/Wood 1.mat
  artifactKey: Guid(0bf3fe356c6d98f49b2953168e229fe4) Importer(815301076,1909f56bfc062723c751e8b465ee728b)
Start importing Assets/9t5 PBR Textures Pack Freebies/Textures/Wood 1/Wood 1.mat using Guid(0bf3fe356c6d98f49b2953168e229fe4) Importer(815301076,1909f56bfc062723c751e8b465ee728b)  -> (artifact id: '912375ffefa65ddeae00a318b7db8afc') in 0.066550 seconds 
  Import took 0.070982 seconds .

========================================================================
Received Import Request.
  Time since last request: 0.000471 seconds.
  path: Assets/9t5 PBR Textures Pack Freebies/Textures/Wood 1/Wood 1-diffuse.png
  artifactKey: Guid(89e91c5022e938549880bd01aab858db) Importer(815301076,1909f56bfc062723c751e8b465ee728b)
Start importing Assets/9t5 PBR Textures Pack Freebies/Textures/Wood 1/Wood 1-diffuse.png using Guid(89e91c5022e938549880bd01aab858db) Importer(815301076,1909f56bfc062723c751e8b465ee728b)  -> (artifact id: '007fbe7ef2f4ab94f036663b91c94845') in 0.045454 seconds 
  Import took 0.056809 seconds .

========================================================================
Received Import Request.
  Time since last request: 0.009865 seconds.
  path: Assets/9t5 PBR Textures Pack Freebies/Textures/Wood 1/Wood 1-displacement.tif
  artifactKey: Guid(42022fdc6284ab94b83d87ba24828ac1) Importer(815301076,1909f56bfc062723c751e8b465ee728b)
Start importing Assets/9t5 PBR Textures Pack Freebies/Textures/Wood 1/Wood 1-displacement.tif using Guid(42022fdc6284ab94b83d87ba24828ac1) Importer(815301076,1909f56bfc062723c751e8b465ee728b)  -> (artifact id: '470312669b9dbdde94ff2db2aa73c3a5') in 0.039359 seconds 
  Import took 0.061063 seconds .

========================================================================
Received Import Request.
  Time since last request: 0.000443 seconds.
  path: Assets/9t5 PBR Textures Pack Freebies/Textures/Wood 1/Wood 1-texture.png
  artifactKey: Guid(2b5a612f2c0d86947931ddd8a47a925a) Importer(815301076,1909f56bfc062723c751e8b465ee728b)
Start importing Assets/9t5 PBR Textures Pack Freebies/Textures/Wood 1/Wood 1-texture.png using Guid(2b5a612f2c0d86947931ddd8a47a925a) Importer(815301076,1909f56bfc062723c751e8b465ee728b)  -> (artifact id: 'deaf89ad56e89651952dfc5025d8c5ec') in 0.047281 seconds 
  Import took 0.055059 seconds .

========================================================================
Received Import Request.
  Time since last request: 0.000445 seconds.
  path: Assets/9t5 PBR Textures Pack Freebies/Textures/Wood 1/Wood 1-normal.png
  artifactKey: Guid(02f7cc49fdc0caf43b0c339bbf7053a5) Importer(815301076,1909f56bfc062723c751e8b465ee728b)
Start importing Assets/9t5 PBR Textures Pack Freebies/Textures/Wood 1/Wood 1-normal.png using Guid(02f7cc49fdc0caf43b0c339bbf7053a5) Importer(815301076,1909f56bfc062723c751e8b465ee728b)  -> (artifact id: '8451ddfea7d7b3bcd515600554e662b7') in 0.052260 seconds 
  Import took 0.059137 seconds .

========================================================================
Received Import Request.
  Time since last request: 2.097233 seconds.
  path: Assets/9t5 PBR Textures Pack Freebies/Textures/Stones 1/Stones 1-ao.tif
  artifactKey: Guid(9fe6d0ce147a286499bd6d26fd9d91f3) Importer(815301076,1909f56bfc062723c751e8b465ee728b)
Start importing Assets/9t5 PBR Textures Pack Freebies/Textures/Stones 1/Stones 1-ao.tif using Guid(9fe6d0ce147a286499bd6d26fd9d91f3) Importer(815301076,1909f56bfc062723c751e8b465ee728b)  -> (artifact id: '55eaef08184118b360bda092100949ea') in 0.018183 seconds 
  Import took 0.028861 seconds .

========================================================================
Received Import Request.
  Time since last request: 0.000544 seconds.
  path: Assets/9t5 PBR Textures Pack Freebies/Textures/Stones 1/Stones 1-normal.png
  artifactKey: Guid(14aad541a42c290419be089e39cd44ab) Importer(815301076,1909f56bfc062723c751e8b465ee728b)
Start importing Assets/9t5 PBR Textures Pack Freebies/Textures/Stones 1/Stones 1-normal.png using Guid(14aad541a42c290419be089e39cd44ab) Importer(815301076,1909f56bfc062723c751e8b465ee728b)  -> (artifact id: 'ddbad06d75a4a20d0e32561cb846ecd6') in 0.055038 seconds 
  Import took 0.065912 seconds .

========================================================================
Received Import Request.
  Time since last request: 0.000437 seconds.
  path: Assets/9t5 PBR Textures Pack Freebies/Textures/Stones 1/Stones 1-displacement.tif
  artifactKey: Guid(77e21c720e532c44587fc920b027d9ef) Importer(815301076,1909f56bfc062723c751e8b465ee728b)
Start importing Assets/9t5 PBR Textures Pack Freebies/Textures/Stones 1/Stones 1-displacement.tif using Guid(77e21c720e532c44587fc920b027d9ef) Importer(815301076,1909f56bfc062723c751e8b465ee728b)  -> (artifact id: '93098b145ce27e66304f2c9d30087b18') in 0.051744 seconds 
  Import took 0.064236 seconds .

========================================================================
Received Import Request.
  Time since last request: 0.000483 seconds.
  path: Assets/9t5 PBR Textures Pack Freebies/Textures/Stones 1/Stones 1-specular.png
  artifactKey: Guid(717d0c7a71cdfb445b9f4fb01b7976d3) Importer(815301076,1909f56bfc062723c751e8b465ee728b)
Start importing Assets/9t5 PBR Textures Pack Freebies/Textures/Stones 1/Stones 1-specular.png using Guid(717d0c7a71cdfb445b9f4fb01b7976d3) Importer(815301076,1909f56bfc062723c751e8b465ee728b)  -> (artifact id: '9fe71d488725715bea5a472096330f3a') in 0.040727 seconds 
  Import took 0.060988 seconds .

========================================================================
Received Import Request.
  Time since last request: 0.000544 seconds.
  path: Assets/9t5 PBR Textures Pack Freebies/Textures/Stones 1/Stones 1.mat
  artifactKey: Guid(3a415bc4fe2efbf40a708d88a0caaaa4) Importer(815301076,1909f56bfc062723c751e8b465ee728b)
Start importing Assets/9t5 PBR Textures Pack Freebies/Textures/Stones 1/Stones 1.mat using Guid(3a415bc4fe2efbf40a708d88a0caaaa4) Importer(815301076,1909f56bfc062723c751e8b465ee728b)  -> (artifact id: '302faf75b6429e99dd10ec1e2704721b') in 0.052319 seconds 
  Import took 0.064468 seconds .

========================================================================
Received Import Request.
  Time since last request: 0.000450 seconds.
  path: Assets/9t5 PBR Textures Pack Freebies/Textures/Stones 1/Stones 1-texture.png
  artifactKey: Guid(66ce98ccaca40b541b369206aa361824) Importer(815301076,1909f56bfc062723c751e8b465ee728b)
Start importing Assets/9t5 PBR Textures Pack Freebies/Textures/Stones 1/Stones 1-texture.png using Guid(66ce98ccaca40b541b369206aa361824) Importer(815301076,1909f56bfc062723c751e8b465ee728b)  -> (artifact id: '1428bf6a9160fb242c942b889e08973b') in 0.040962 seconds 
  Import took 0.055076 seconds .

========================================================================
Received Import Request.
  Time since last request: 0.000593 seconds.
  path: Assets/9t5 PBR Textures Pack Freebies/Textures/Stones 1/Stones 1-diffuse.png
  artifactKey: Guid(876177b4cd2ffa8488fd2f7d0f7917e4) Importer(815301076,1909f56bfc062723c751e8b465ee728b)
Start importing Assets/9t5 PBR Textures Pack Freebies/Textures/Stones 1/Stones 1-diffuse.png using Guid(876177b4cd2ffa8488fd2f7d0f7917e4) Importer(815301076,1909f56bfc062723c751e8b465ee728b)  -> (artifact id: '02d001e3d4c4fccddad7f20219573966') in 0.046894 seconds 
  Import took 0.060508 seconds .

========================================================================
Received Import Request.
  Time since last request: 1.175585 seconds.
  path: Assets/9t5 PBR Textures Pack Freebies/Textures/Snow 1/Snow 1-ao.tif
  artifactKey: Guid(54bc48154131ac24b824b283f2f24a9a) Importer(815301076,1909f56bfc062723c751e8b465ee728b)
Start importing Assets/9t5 PBR Textures Pack Freebies/Textures/Snow 1/Snow 1-ao.tif using Guid(54bc48154131ac24b824b283f2f24a9a) Importer(815301076,1909f56bfc062723c751e8b465ee728b)  -> (artifact id: '2b223ea9b82c326bb7f47264f0e47742') in 0.462021 seconds 
  Import took 0.471305 seconds .

========================================================================
Received Import Request.
  Time since last request: 0.000510 seconds.
  path: Assets/9t5 PBR Textures Pack Freebies/Textures/Snow 1/Snow 1.mat
  artifactKey: Guid(bd1be0e22b64bc246989849e76c0f37c) Importer(815301076,1909f56bfc062723c751e8b465ee728b)
Start importing Assets/9t5 PBR Textures Pack Freebies/Textures/Snow 1/Snow 1.mat using Guid(bd1be0e22b64bc246989849e76c0f37c) Importer(815301076,1909f56bfc062723c751e8b465ee728b)  -> (artifact id: '76546aad9f6d8c15134ceede13075439') in 0.113026 seconds 
  Import took 0.129415 seconds .

========================================================================
Received Import Request.
  Time since last request: 0.000505 seconds.
  path: Assets/9t5 PBR Textures Pack Freebies/Textures/Snow 1/Snow 1-diffuse.png
  artifactKey: Guid(b549a7e6eaf078941a6a150ef001690d) Importer(815301076,1909f56bfc062723c751e8b465ee728b)
Start importing Assets/9t5 PBR Textures Pack Freebies/Textures/Snow 1/Snow 1-diffuse.png using Guid(b549a7e6eaf078941a6a150ef001690d) Importer(815301076,1909f56bfc062723c751e8b465ee728b)  -> (artifact id: 'eef16526a5e43dd01edbf004f0a54657') in 0.031567 seconds 
  Import took 0.109109 seconds .

========================================================================
Received Import Request.
  Time since last request: 0.051089 seconds.
  path: Assets/9t5 PBR Textures Pack Freebies/Textures/Snow 1/Snow 1-displacement.tif
  artifactKey: Guid(867f061132cfaa3499363211749b7bfb) Importer(815301076,1909f56bfc062723c751e8b465ee728b)
Start importing Assets/9t5 PBR Textures Pack Freebies/Textures/Snow 1/Snow 1-displacement.tif using Guid(867f061132cfaa3499363211749b7bfb) Importer(815301076,1909f56bfc062723c751e8b465ee728b)  -> (artifact id: 'fdd1145f487ffd47c4aee2d0389f9bd0') in 0.032746 seconds 
  Import took 0.042925 seconds .

========================================================================
Received Import Request.
  Time since last request: 0.000523 seconds.
  path: Assets/9t5 PBR Textures Pack Freebies/Textures/Snow 1/Snow 1-normal.png
  artifactKey: Guid(a7d3b88ba5146004bba05781c5511792) Importer(815301076,1909f56bfc062723c751e8b465ee728b)
Start importing Assets/9t5 PBR Textures Pack Freebies/Textures/Snow 1/Snow 1-normal.png using Guid(a7d3b88ba5146004bba05781c5511792) Importer(815301076,1909f56bfc062723c751e8b465ee728b)  -> (artifact id: '85ef014f635da8902e915c16c5dcb1bd') in 0.025591 seconds 
  Import took 0.075208 seconds .

========================================================================
Received Import Request.
  Time since last request: 0.000494 seconds.
  path: Assets/9t5 PBR Textures Pack Freebies/Textures/Snow 1/Snow 1-specular.png
  artifactKey: Guid(a04b45bd6d81324429777eb733c1aa33) Importer(815301076,1909f56bfc062723c751e8b465ee728b)
Start importing Assets/9t5 PBR Textures Pack Freebies/Textures/Snow 1/Snow 1-specular.png using Guid(a04b45bd6d81324429777eb733c1aa33) Importer(815301076,1909f56bfc062723c751e8b465ee728b)  -> (artifact id: '968de7c8dbd4090d60163830da042554') in 0.052353 seconds 
  Import took 0.062326 seconds .

========================================================================
Received Import Request.
  Time since last request: 0.000537 seconds.
  path: Assets/9t5 PBR Textures Pack Freebies/Textures/Snow 1/Snow 1-texture.png
  artifactKey: Guid(b98e06d129183aa43885c47bf12f6a56) Importer(815301076,1909f56bfc062723c751e8b465ee728b)
Start importing Assets/9t5 PBR Textures Pack Freebies/Textures/Snow 1/Snow 1-texture.png using Guid(b98e06d129183aa43885c47bf12f6a56) Importer(815301076,1909f56bfc062723c751e8b465ee728b)  -> (artifact id: '632f96fc38c4476766ddbfd264230fbe') in 0.048658 seconds 
  Import took 0.054310 seconds .

========================================================================
Received Import Request.
  Time since last request: 2.129378 seconds.
  path: Assets/9t5 PBR Textures Pack Freebies/Textures/Sand 1/Sand 1-ao.tif
  artifactKey: Guid(405b1696d2e18a943a96d653b77a6adc) Importer(815301076,1909f56bfc062723c751e8b465ee728b)
Start importing Assets/9t5 PBR Textures Pack Freebies/Textures/Sand 1/Sand 1-ao.tif using Guid(405b1696d2e18a943a96d653b77a6adc) Importer(815301076,1909f56bfc062723c751e8b465ee728b)  -> (artifact id: '2d37e0703df7243fa5a459bc0ee8d453') in 0.023120 seconds 
  Import took 0.039491 seconds .

========================================================================
Received Import Request.
  Time since last request: 0.000817 seconds.
  path: Assets/9t5 PBR Textures Pack Freebies/Textures/Sand 1/Sand 1-texture.png
  artifactKey: Guid(014aac1f08315f8479e3228afcdfd00d) Importer(815301076,1909f56bfc062723c751e8b465ee728b)
Start importing Assets/9t5 PBR Textures Pack Freebies/Textures/Sand 1/Sand 1-texture.png using Guid(014aac1f08315f8479e3228afcdfd00d) Importer(815301076,1909f56bfc062723c751e8b465ee728b)  -> (artifact id: '488f93d01292bda0ad3c7c86ceec5376') in 0.045845 seconds 
  Import took 0.064547 seconds .

========================================================================
Received Import Request.
  Time since last request: 0.000539 seconds.
  path: Assets/9t5 PBR Textures Pack Freebies/Textures/Sand 1/Sand 1-diffuse.png
  artifactKey: Guid(60e712710ed75044b978c38eeb658446) Importer(815301076,1909f56bfc062723c751e8b465ee728b)
Start importing Assets/9t5 PBR Textures Pack Freebies/Textures/Sand 1/Sand 1-diffuse.png using Guid(60e712710ed75044b978c38eeb658446) Importer(815301076,1909f56bfc062723c751e8b465ee728b)  -> (artifact id: '379e7f5e110b351790cc2cd13fffc49f') in 0.046610 seconds 
  Import took 0.058562 seconds .

========================================================================
Received Import Request.
  Time since last request: 0.000411 seconds.
  path: Assets/9t5 PBR Textures Pack Freebies/Textures/Sand 1/Sand 1-normal.png
  artifactKey: Guid(2c158ac6e82ac01468482814dd522558) Importer(815301076,1909f56bfc062723c751e8b465ee728b)
Start importing Assets/9t5 PBR Textures Pack Freebies/Textures/Sand 1/Sand 1-normal.png using Guid(2c158ac6e82ac01468482814dd522558) Importer(815301076,1909f56bfc062723c751e8b465ee728b)  -> (artifact id: '101c21b6a3611ad884f6c256eb236540') in 0.040687 seconds 
  Import took 0.054801 seconds .

========================================================================
Received Import Request.
  Time since last request: 0.000400 seconds.
  path: Assets/9t5 PBR Textures Pack Freebies/Textures/Sand 1/Sand 1.mat
  artifactKey: Guid(8cb6de36ebd0bbc428dcfb235c12de2a) Importer(815301076,1909f56bfc062723c751e8b465ee728b)
Start importing Assets/9t5 PBR Textures Pack Freebies/Textures/Sand 1/Sand 1.mat using Guid(8cb6de36ebd0bbc428dcfb235c12de2a) Importer(815301076,1909f56bfc062723c751e8b465ee728b)  -> (artifact id: '27a35e45c7f91c1d4eb01cbebfe1f74d') in 0.060070 seconds 
  Import took 0.186403 seconds .

========================================================================
Received Import Request.
  Time since last request: 0.000400 seconds.
  path: Assets/9t5 PBR Textures Pack Freebies/Textures/Sand 1/Sand 1-displacement.tif
  artifactKey: Guid(1f6db34fd629ded41b95def33567c721) Importer(815301076,1909f56bfc062723c751e8b465ee728b)
Start importing Assets/9t5 PBR Textures Pack Freebies/Textures/Sand 1/Sand 1-displacement.tif using Guid(1f6db34fd629ded41b95def33567c721) Importer(815301076,1909f56bfc062723c751e8b465ee728b)  -> (artifact id: '6b33d4d825767ba6e8d678a952cf9cad') in 0.058003 seconds 
  Import took 0.062890 seconds .

========================================================================
Received Import Request.
  Time since last request: 0.000398 seconds.
  path: Assets/9t5 PBR Textures Pack Freebies/Textures/Sand 1/Sand 1-specular.png
  artifactKey: Guid(67b09d63b6c2c424bb0c760959e040ac) Importer(815301076,1909f56bfc062723c751e8b465ee728b)
Start importing Assets/9t5 PBR Textures Pack Freebies/Textures/Sand 1/Sand 1-specular.png using Guid(67b09d63b6c2c424bb0c760959e040ac) Importer(815301076,1909f56bfc062723c751e8b465ee728b)  -> (artifact id: '37979d7d207509374379e18b7a6b3ef3') in 0.049003 seconds 
  Import took 0.054909 seconds .

========================================================================
Received Import Request.
  Time since last request: 1.380270 seconds.
  path: Assets/9t5 PBR Textures Pack Freebies/Textures/Rock 1/Rock 1-ao.tif
  artifactKey: Guid(9f05acceb5d103a4aa01b17144e136b0) Importer(815301076,1909f56bfc062723c751e8b465ee728b)
Start importing Assets/9t5 PBR Textures Pack Freebies/Textures/Rock 1/Rock 1-ao.tif using Guid(9f05acceb5d103a4aa01b17144e136b0) Importer(815301076,1909f56bfc062723c751e8b465ee728b)  -> (artifact id: '4333aaa981a263e4fdab5b0d5499e7a1') in 0.042740 seconds 
  Import took 0.068559 seconds .

========================================================================
Received Import Request.
  Time since last request: 0.045750 seconds.
  path: Assets/9t5 PBR Textures Pack Freebies/Textures/Rock 1/Rock 1-displacement.tif
  artifactKey: Guid(6f8c1af6a7b135f4e8bf965fdf824bab) Importer(815301076,1909f56bfc062723c751e8b465ee728b)
Start importing Assets/9t5 PBR Textures Pack Freebies/Textures/Rock 1/Rock 1-displacement.tif using Guid(6f8c1af6a7b135f4e8bf965fdf824bab) Importer(815301076,1909f56bfc062723c751e8b465ee728b)  -> (artifact id: '84370eac7baed44e9f8aafa0915e06de') in 0.029543 seconds 
  Import took 0.035074 seconds .

========================================================================
Received Import Request.
  Time since last request: 0.048422 seconds.
  path: Assets/9t5 PBR Textures Pack Freebies/Textures/Rock 1/Rock 1-diffuse.png
  artifactKey: Guid(9fa72c6c03e97884a9cd9c732630d89b) Importer(815301076,1909f56bfc062723c751e8b465ee728b)
Start importing Assets/9t5 PBR Textures Pack Freebies/Textures/Rock 1/Rock 1-diffuse.png using Guid(9fa72c6c03e97884a9cd9c732630d89b) Importer(815301076,1909f56bfc062723c751e8b465ee728b)  -> (artifact id: '50bc0f4fd9792aba41f8fe771c4701b0') in 0.028554 seconds 
  Import took 0.034361 seconds .

========================================================================
Received Import Request.
  Time since last request: 0.000545 seconds.
  path: Assets/9t5 PBR Textures Pack Freebies/Textures/Rock 1/Rock 1-specular.png
  artifactKey: Guid(71bf1cada87fd8b43ba0225def111ffa) Importer(815301076,1909f56bfc062723c751e8b465ee728b)
Start importing Assets/9t5 PBR Textures Pack Freebies/Textures/Rock 1/Rock 1-specular.png using Guid(71bf1cada87fd8b43ba0225def111ffa) Importer(815301076,1909f56bfc062723c751e8b465ee728b)  -> (artifact id: '761a83ba1f1ee856f9087003430f172a') in 0.028748 seconds 
  Import took 0.078203 seconds .

========================================================================
Received Import Request.
  Time since last request: 0.045321 seconds.
  path: Assets/9t5 PBR Textures Pack Freebies/Textures/Rock 1/Rock 1-normal.png
  artifactKey: Guid(201a6eaebc8478844bdf50e8c614ce55) Importer(815301076,1909f56bfc062723c751e8b465ee728b)
Start importing Assets/9t5 PBR Textures Pack Freebies/Textures/Rock 1/Rock 1-normal.png using Guid(201a6eaebc8478844bdf50e8c614ce55) Importer(815301076,1909f56bfc062723c751e8b465ee728b)  -> (artifact id: '16105e6a13c5a6c403860bae64e9ee5a') in 0.026092 seconds 
  Import took 0.031886 seconds .

========================================================================
Received Import Request.
  Time since last request: 0.000413 seconds.
  path: Assets/9t5 PBR Textures Pack Freebies/Textures/Rock 1/Rock 1-texture.png
  artifactKey: Guid(289b449f8d7825d4fbb0e594471592e9) Importer(815301076,1909f56bfc062723c751e8b465ee728b)
Start importing Assets/9t5 PBR Textures Pack Freebies/Textures/Rock 1/Rock 1-texture.png using Guid(289b449f8d7825d4fbb0e594471592e9) Importer(815301076,1909f56bfc062723c751e8b465ee728b)  -> (artifact id: 'bce5eadc4d20022b02fc20322ed90725') in 0.041276 seconds 
  Import took 0.053190 seconds .

========================================================================
Received Import Request.
  Time since last request: 0.000404 seconds.
  path: Assets/9t5 PBR Textures Pack Freebies/Textures/Rock 1/Rock 1.mat
  artifactKey: Guid(7f1bd0a162a00a54e91d39dea079ea0f) Importer(815301076,1909f56bfc062723c751e8b465ee728b)
Start importing Assets/9t5 PBR Textures Pack Freebies/Textures/Rock 1/Rock 1.mat using Guid(7f1bd0a162a00a54e91d39dea079ea0f) Importer(815301076,1909f56bfc062723c751e8b465ee728b)  -> (artifact id: '5da10b56502f23392475629472eeab90') in 0.054939 seconds 
  Import took 0.080877 seconds .

========================================================================
Received Import Request.
  Time since last request: 2.654009 seconds.
  path: Assets/9t5 PBR Textures Pack Freebies/Textures/Gravel 1/Gravel 1-ao.tif
  artifactKey: Guid(d872bedff9c018f4aac56b5e523f4867) Importer(815301076,1909f56bfc062723c751e8b465ee728b)
Start importing Assets/9t5 PBR Textures Pack Freebies/Textures/Gravel 1/Gravel 1-ao.tif using Guid(d872bedff9c018f4aac56b5e523f4867) Importer(815301076,1909f56bfc062723c751e8b465ee728b)  -> (artifact id: '795e5f91d5c5d2dc697e334ff75d5235') in 0.020391 seconds 
  Import took 0.040520 seconds .

========================================================================
Received Import Request.
  Time since last request: 0.000407 seconds.
  path: Assets/9t5 PBR Textures Pack Freebies/Textures/Gravel 1/Gravel 1-displacement.tif
  artifactKey: Guid(65069d52ca949cb47968e9e518b9a03c) Importer(815301076,1909f56bfc062723c751e8b465ee728b)
Start importing Assets/9t5 PBR Textures Pack Freebies/Textures/Gravel 1/Gravel 1-displacement.tif using Guid(65069d52ca949cb47968e9e518b9a03c) Importer(815301076,1909f56bfc062723c751e8b465ee728b)  -> (artifact id: '868b99da8b692bbf03b9f8a965bf5c08') in 0.063366 seconds 
  Import took 0.068534 seconds .

========================================================================
Received Import Request.
  Time since last request: 0.000411 seconds.
  path: Assets/9t5 PBR Textures Pack Freebies/Textures/Gravel 1/Gravel 1-specular.png
  artifactKey: Guid(bb15665e6b189924d95c0b65103b7602) Importer(815301076,1909f56bfc062723c751e8b465ee728b)
Start importing Assets/9t5 PBR Textures Pack Freebies/Textures/Gravel 1/Gravel 1-specular.png using Guid(bb15665e6b189924d95c0b65103b7602) Importer(815301076,1909f56bfc062723c751e8b465ee728b)  -> (artifact id: '8faf0aeccabc2123ef6a8461ad1e9140') in 0.043562 seconds 
  Import took 0.061338 seconds .

========================================================================
Received Import Request.
  Time since last request: 0.000443 seconds.
  path: Assets/9t5 PBR Textures Pack Freebies/Textures/Gravel 1/Gravel 1-normal.png
  artifactKey: Guid(c275d21f82a4fd94c99f23b583971cfb) Importer(815301076,1909f56bfc062723c751e8b465ee728b)
Start importing Assets/9t5 PBR Textures Pack Freebies/Textures/Gravel 1/Gravel 1-normal.png using Guid(c275d21f82a4fd94c99f23b583971cfb) Importer(815301076,1909f56bfc062723c751e8b465ee728b)  -> (artifact id: '871cd477824220bc32ea9f4a0692c387') in 0.041526 seconds 
  Import took 0.058832 seconds .

========================================================================
Received Import Request.
  Time since last request: 0.000405 seconds.
  path: Assets/9t5 PBR Textures Pack Freebies/Textures/Gravel 1/Gravel 1.mat
  artifactKey: Guid(c764d932b1e19c243a006ba47113b705) Importer(815301076,1909f56bfc062723c751e8b465ee728b)
Start importing Assets/9t5 PBR Textures Pack Freebies/Textures/Gravel 1/Gravel 1.mat using Guid(c764d932b1e19c243a006ba47113b705) Importer(815301076,1909f56bfc062723c751e8b465ee728b)  -> (artifact id: '8c6a1bc10f7a9a0a66fdd584ee9bfe42') in 0.061124 seconds 
  Import took 0.072093 seconds .

========================================================================
Received Import Request.
  Time since last request: 0.000402 seconds.
  path: Assets/9t5 PBR Textures Pack Freebies/Textures/Gravel 1/Gravel 1-diffuse.png
  artifactKey: Guid(2035b6de3cb897a448840396938acab9) Importer(815301076,1909f56bfc062723c751e8b465ee728b)
Start importing Assets/9t5 PBR Textures Pack Freebies/Textures/Gravel 1/Gravel 1-diffuse.png using Guid(2035b6de3cb897a448840396938acab9) Importer(815301076,1909f56bfc062723c751e8b465ee728b)  -> (artifact id: 'f55b628b0ad6ba9e97c9c8b7928f8342') in 0.047989 seconds 
  Import took 0.058041 seconds .

========================================================================
Received Import Request.
  Time since last request: 0.000404 seconds.
  path: Assets/9t5 PBR Textures Pack Freebies/Textures/Gravel 1/Gravel 1-texture.png
  artifactKey: Guid(4a6beb26998853d4bae7b43831b77b95) Importer(815301076,1909f56bfc062723c751e8b465ee728b)
Start importing Assets/9t5 PBR Textures Pack Freebies/Textures/Gravel 1/Gravel 1-texture.png using Guid(4a6beb26998853d4bae7b43831b77b95) Importer(815301076,1909f56bfc062723c751e8b465ee728b)  -> (artifact id: 'e5b9567234bdb41c5819c7d145f73cf5') in 0.051494 seconds 
  Import took 0.055802 seconds .

========================================================================
Received Import Request.
  Time since last request: 4.363880 seconds.
  path: Assets/9t5 PBR Textures Pack Freebies/Textures/Concrete 1/Concrete 1-ao.tif
  artifactKey: Guid(3837d4623838521409f2f22d0e96df68) Importer(815301076,1909f56bfc062723c751e8b465ee728b)
Start importing Assets/9t5 PBR Textures Pack Freebies/Textures/Concrete 1/Concrete 1-ao.tif using Guid(3837d4623838521409f2f22d0e96df68) Importer(815301076,1909f56bfc062723c751e8b465ee728b)  -> (artifact id: 'de5fa0c50e9f79370faedf348c5bc87e') in 0.017481 seconds 
  Import took 0.028880 seconds .

========================================================================
Received Import Request.
  Time since last request: 0.000406 seconds.
  path: Assets/9t5 PBR Textures Pack Freebies/Textures/Concrete 1/Concrete 1-specular.png
  artifactKey: Guid(96180046894ac8f4eb7061658af63bfb) Importer(815301076,1909f56bfc062723c751e8b465ee728b)
Start importing Assets/9t5 PBR Textures Pack Freebies/Textures/Concrete 1/Concrete 1-specular.png using Guid(96180046894ac8f4eb7061658af63bfb) Importer(815301076,1909f56bfc062723c751e8b465ee728b)  -> (artifact id: '8a4c093575bd625b22b807262250530e') in 0.055240 seconds 
  Import took 0.059707 seconds .

========================================================================
Received Import Request.
  Time since last request: 0.000280 seconds.
  path: Assets/9t5 PBR Textures Pack Freebies/Textures/Concrete 1/Concrete 1-normal.png
  artifactKey: Guid(a77b797f3ba64d7448d23fa209c44149) Importer(815301076,1909f56bfc062723c751e8b465ee728b)
Start importing Assets/9t5 PBR Textures Pack Freebies/Textures/Concrete 1/Concrete 1-normal.png using Guid(a77b797f3ba64d7448d23fa209c44149) Importer(815301076,1909f56bfc062723c751e8b465ee728b)  -> (artifact id: 'fccc71c3a8421105a80cfc16403eabc8') in 0.050443 seconds 
  Import took 0.060640 seconds .

========================================================================
Received Import Request.
  Time since last request: 0.000400 seconds.
  path: Assets/9t5 PBR Textures Pack Freebies/Textures/Concrete 1/Concrete 1.mat
  artifactKey: Guid(0270cd6310db34247b0c9c325895e169) Importer(815301076,1909f56bfc062723c751e8b465ee728b)
Start importing Assets/9t5 PBR Textures Pack Freebies/Textures/Concrete 1/Concrete 1.mat using Guid(0270cd6310db34247b0c9c325895e169) Importer(815301076,1909f56bfc062723c751e8b465ee728b)  -> (artifact id: '7aef2888df53d8021e9dd705b800335f') in 0.060210 seconds 
  Import took 0.064991 seconds .

========================================================================
Received Import Request.
  Time since last request: 0.000482 seconds.
  path: Assets/9t5 PBR Textures Pack Freebies/Textures/Concrete 1/Concrete 1-displacement.tif
  artifactKey: Guid(62f3df1e794126b4c90005134b52abda) Importer(815301076,1909f56bfc062723c751e8b465ee728b)
Start importing Assets/9t5 PBR Textures Pack Freebies/Textures/Concrete 1/Concrete 1-displacement.tif using Guid(62f3df1e794126b4c90005134b52abda) Importer(815301076,1909f56bfc062723c751e8b465ee728b)  -> (artifact id: '05834941792f6c11f754a4e432447876') in 0.044056 seconds 
  Import took 0.064544 seconds .

========================================================================
Received Import Request.
  Time since last request: 0.000409 seconds.
  path: Assets/9t5 PBR Textures Pack Freebies/Textures/Concrete 1/Concrete 1-texture.png
  artifactKey: Guid(a4e588724535b9a429ff770377c59459) Importer(815301076,1909f56bfc062723c751e8b465ee728b)
Start importing Assets/9t5 PBR Textures Pack Freebies/Textures/Concrete 1/Concrete 1-texture.png using Guid(a4e588724535b9a429ff770377c59459) Importer(815301076,1909f56bfc062723c751e8b465ee728b)  -> (artifact id: '444d7131ea86c96bf3d45f21101a7dba') in 0.048572 seconds 
  Import took 0.058760 seconds .

========================================================================
Received Import Request.
  Time since last request: 0.000404 seconds.
  path: Assets/9t5 PBR Textures Pack Freebies/Textures/Concrete 1/Concrete 1-diffuse.png
  artifactKey: Guid(87fd36be6e995834995c19bce86843b3) Importer(815301076,1909f56bfc062723c751e8b465ee728b)
Start importing Assets/9t5 PBR Textures Pack Freebies/Textures/Concrete 1/Concrete 1-diffuse.png using Guid(87fd36be6e995834995c19bce86843b3) Importer(815301076,1909f56bfc062723c751e8b465ee728b)  -> (artifact id: 'f885a466754440f46ebd920b5f719e50') in 0.041877 seconds 
  Import took 0.057465 seconds .

========================================================================
Received Import Request.
  Time since last request: 1.903390 seconds.
  path: Assets/9t5 PBR Textures Pack Freebies/Textures/Cracked Earth 1/Cracked Earth 1-ao.tif
  artifactKey: Guid(1fc15f3092ef32745abcf3cd46176338) Importer(815301076,1909f56bfc062723c751e8b465ee728b)
Start importing Assets/9t5 PBR Textures Pack Freebies/Textures/Cracked Earth 1/Cracked Earth 1-ao.tif using Guid(1fc15f3092ef32745abcf3cd46176338) Importer(815301076,1909f56bfc062723c751e8b465ee728b)  -> (artifact id: '3fe436b12dad6795febd6199a1d597e3') in 0.017437 seconds 
  Import took 0.028881 seconds .

========================================================================
Received Import Request.
  Time since last request: 0.000404 seconds.
  path: Assets/9t5 PBR Textures Pack Freebies/Textures/Cracked Earth 1/Cracked Earth 1-displacement.tif
  artifactKey: Guid(86300158a8d6ff5419945c69b5964822) Importer(815301076,1909f56bfc062723c751e8b465ee728b)
Start importing Assets/9t5 PBR Textures Pack Freebies/Textures/Cracked Earth 1/Cracked Earth 1-displacement.tif using Guid(86300158a8d6ff5419945c69b5964822) Importer(815301076,1909f56bfc062723c751e8b465ee728b)  -> (artifact id: '49774ec6ae8d005c2416bd7a2b4739b4') in 0.053223 seconds 
  Import took 0.061695 seconds .

========================================================================
Received Import Request.
  Time since last request: 0.000403 seconds.
  path: Assets/9t5 PBR Textures Pack Freebies/Textures/Cracked Earth 1/Cracked Earth 1-diffuse.png
  artifactKey: Guid(2f49dfdf28523e541961f321236e504d) Importer(815301076,1909f56bfc062723c751e8b465ee728b)
Start importing Assets/9t5 PBR Textures Pack Freebies/Textures/Cracked Earth 1/Cracked Earth 1-diffuse.png using Guid(2f49dfdf28523e541961f321236e504d) Importer(815301076,1909f56bfc062723c751e8b465ee728b)  -> (artifact id: '853a866dd8f83830f0b8ca057874cf69') in 0.049732 seconds 
  Import took 0.061577 seconds .

========================================================================
Received Import Request.
  Time since last request: 0.000437 seconds.
  path: Assets/9t5 PBR Textures Pack Freebies/Textures/Cracked Earth 1/Cracked Earth 1-specular.png
  artifactKey: Guid(a5fcd900be2f5d044b46579dee7b07c9) Importer(815301076,1909f56bfc062723c751e8b465ee728b)
Start importing Assets/9t5 PBR Textures Pack Freebies/Textures/Cracked Earth 1/Cracked Earth 1-specular.png using Guid(a5fcd900be2f5d044b46579dee7b07c9) Importer(815301076,1909f56bfc062723c751e8b465ee728b)  -> (artifact id: 'd395075d1c5bbc846b337ed268f540c0') in 0.017383 seconds 
  Import took 0.072338 seconds .

========================================================================
Received Import Request.
  Time since last request: 0.000405 seconds.
  path: Assets/9t5 PBR Textures Pack Freebies/Textures/Cracked Earth 1/Cracked Earth 1-normal.png
  artifactKey: Guid(90de54969f1a2c64f8929c7752e0f7b0) Importer(815301076,1909f56bfc062723c751e8b465ee728b)
Start importing Assets/9t5 PBR Textures Pack Freebies/Textures/Cracked Earth 1/Cracked Earth 1-normal.png using Guid(90de54969f1a2c64f8929c7752e0f7b0) Importer(815301076,1909f56bfc062723c751e8b465ee728b)  -> (artifact id: '83cc90b11302e33065903577d0758a9b') in 0.047510 seconds 
  Import took 0.052562 seconds .

========================================================================
Received Import Request.
  Time since last request: 0.000426 seconds.
  path: Assets/9t5 PBR Textures Pack Freebies/Textures/Cracked Earth 1/Cracked Earth 1-texture.png
  artifactKey: Guid(15669ece5a784fe47a50816791c3fd8b) Importer(815301076,1909f56bfc062723c751e8b465ee728b)
Start importing Assets/9t5 PBR Textures Pack Freebies/Textures/Cracked Earth 1/Cracked Earth 1-texture.png using Guid(15669ece5a784fe47a50816791c3fd8b) Importer(815301076,1909f56bfc062723c751e8b465ee728b)  -> (artifact id: '28116bd95be7ad8ee1ec69e324cd4f30') in 0.046076 seconds 
  Import took 0.050515 seconds .

========================================================================
Received Import Request.
  Time since last request: 0.000419 seconds.
  path: Assets/9t5 PBR Textures Pack Freebies/Textures/Cracked Earth 1/Cracked Earth 1.mat
  artifactKey: Guid(f615b9e8e86dc544cb61fc1b3659d811) Importer(815301076,1909f56bfc062723c751e8b465ee728b)
Start importing Assets/9t5 PBR Textures Pack Freebies/Textures/Cracked Earth 1/Cracked Earth 1.mat using Guid(f615b9e8e86dc544cb61fc1b3659d811) Importer(815301076,1909f56bfc062723c751e8b465ee728b)  -> (artifact id: '1ed6f5e23f9a99c51c60b5701de1c396') in 0.061165 seconds 
  Import took 0.066083 seconds .

========================================================================
Received Prepare
Registering precompiled user dll's ...
Registered in 0.038917 seconds.
Begin MonoManager ReloadAssembly
Native extension for WindowsStandalone target not found
Refreshing native plugins compatible for Editor in 0.67 ms, found 2 plugins.
Preloading 0 native plugins for Editor in 0.00 ms.
Mono: successfully reloaded assembly
- Completed reload, in  2.127 seconds
Domain Reload Profiling:
	ReloadAssembly (2131ms)
		BeginReloadAssembly (261ms)
			ExecutionOrderSort (0ms)
			DisableScriptedObjects (8ms)
			BackupInstance (0ms)
			ReleaseScriptingObjects (0ms)
			CreateAndSetChildDomain (74ms)
		EndReloadAssembly (1718ms)
			LoadAssemblies (216ms)
			RebuildTransferFunctionScriptingTraits (0ms)
			SetupTypeCache (547ms)
			ReleaseScriptCaches (1ms)
			RebuildScriptCaches (68ms)
			SetupLoadedEditorAssemblies (716ms)
				LogAssemblyErrors (0ms)
				InitializePlatformSupportModulesInManaged (9ms)
				SetLoadedEditorAssemblies (1ms)
				RefreshPlugins (1ms)
				BeforeProcessingInitializeOnLoad (198ms)
				ProcessInitializeOnLoadAttributes (461ms)
				ProcessInitializeOnLoadMethodAttributes (24ms)
				AfterProcessingInitializeOnLoad (21ms)
				EditorAssembliesLoaded (1ms)
			ExecutionOrderSort2 (0ms)
			AwakeInstancesAfterBackupRestoration (18ms)
Platform modules already initialized, skipping
Refreshing native plugins compatible for Editor in 0.68 ms, found 2 plugins.
Preloading 0 native plugins for Editor in 0.00 ms.
Unloading 1499 Unused Serialized files (Serialized files now loaded: 0)
System memory in use before: 73.1 MB.
System memory in use after: 73.2 MB.

Unloading 14 unused Assets to reduce memory usage. Loaded Objects now: 1985.
Total: 5.371600 ms (FindLiveObjects: 0.289900 ms CreateObjectMapping: 0.074700 ms MarkObjects: 4.969500 ms  DeleteObjects: 0.034900 ms)

AssetImportParameters requested are different than current active one (requested -> active):
  custom:framework-win-MediaFoundation: 216162199b28c13a410421893ffa2e32 -> 
  custom:video-decoder-ogg-theora: a1e56fd34408186e4bbccfd4996cb3dc -> 
  custom:container-muxer-webm: aa71ff27fc2769a1b78a27578f13a17b -> 
  custom:container-demuxer-webm: 4f35f7cbe854078d1ac9338744f61a02 -> 
  custom:container-demuxer-ogg: 62fdf1f143b41e24485cea50d1cbac27 -> 
  custom:video-encoder-webm-vp8: eb34c28f22e8b96e1ab97ce403110664 -> 
  custom:video-decoder-webm-vp8: 9c59270c3fd7afecdb556c50c9e8de78 -> 
  custom:audio-decoder-ogg-vorbis: bf7c407c2cedff20999df2af8eb42d56 -> 
  custom:audio-encoder-webm-vorbis: bf7c407c2cedff20999df2af8eb42d56 -> 
========================================================================
Received Import Request.
  Time since last request: 833.413829 seconds.
  path: Assets/9t5 PBR Textures Pack Freebies/Textures/Concrete 1/Concrete 1.mat
  artifactKey: Guid(0270cd6310db34247b0c9c325895e169) Importer(815301076,1909f56bfc062723c751e8b465ee728b)
Start importing Assets/9t5 PBR Textures Pack Freebies/Textures/Concrete 1/Concrete 1.mat using Guid(0270cd6310db34247b0c9c325895e169) Importer(815301076,1909f56bfc062723c751e8b465ee728b)  -> (artifact id: 'e76312ab20964eb83b7629935ebf1c8d') in 0.153200 seconds 
  Import took 0.236410 seconds .

========================================================================
Received Import Request.
  Time since last request: 0.085280 seconds.
  path: Assets/9t5 PBR Textures Pack Freebies/Textures/Snow 1
  artifactKey: Guid(9aa57c2aa61b99847a60beed5b9f1f4d) Importer(815301076,1909f56bfc062723c751e8b465ee728b)
Start importing Assets/9t5 PBR Textures Pack Freebies/Textures/Snow 1 using Guid(9aa57c2aa61b99847a60beed5b9f1f4d) Importer(815301076,1909f56bfc062723c751e8b465ee728b)  -> (artifact id: 'b6a2723584899d80b9fcfe7a113c7bcf') in 0.004640 seconds 
  Import took 0.027142 seconds .

========================================================================
Received Import Request.
  Time since last request: 0.173816 seconds.
  path: Assets/9t5 PBR Textures Pack Freebies/Textures
  artifactKey: Guid(1e1e135024c31bc4b9f453fa59a85de7) Importer(815301076,1909f56bfc062723c751e8b465ee728b)
Start importing Assets/9t5 PBR Textures Pack Freebies/Textures using Guid(1e1e135024c31bc4b9f453fa59a85de7) Importer(815301076,1909f56bfc062723c751e8b465ee728b)  -> (artifact id: '2c520fd7dd9137d69dc19cad4efb3f23') in 0.004594 seconds 
  Import took 0.064983 seconds .

========================================================================
Received Import Request.
  Time since last request: 0.154312 seconds.
  path: Assets/9t5 PBR Textures Pack Freebies/Scenes/Demo/ReflectionProbe-0.exr
  artifactKey: Guid(4e525d1168abeb1498021a449a77c533) Importer(815301076,1909f56bfc062723c751e8b465ee728b)
Start importing Assets/9t5 PBR Textures Pack Freebies/Scenes/Demo/ReflectionProbe-0.exr using Guid(4e525d1168abeb1498021a449a77c533) Importer(815301076,1909f56bfc062723c751e8b465ee728b)  -> (artifact id: '33d293dc484e30cbaeaadc04c0f0cad5') in 0.132349 seconds 
  Import took 0.148392 seconds .

========================================================================
Received Import Request.
  Time since last request: 0.021144 seconds.
  path: Assets/9t5 PBR Textures Pack Freebies/Textures/Sand 1
  artifactKey: Guid(38194d4eaa5eb004a86fff1fc26b1b1c) Importer(815301076,1909f56bfc062723c751e8b465ee728b)
Start importing Assets/9t5 PBR Textures Pack Freebies/Textures/Sand 1 using Guid(38194d4eaa5eb004a86fff1fc26b1b1c) Importer(815301076,1909f56bfc062723c751e8b465ee728b)  -> (artifact id: '69e089fcb55996883ee3e1420e8215a3') in 0.004682 seconds 
  Import took 0.025035 seconds .

========================================================================
Received Import Request.
  Time since last request: 0.030283 seconds.
  path: Assets/9t5 PBR Textures Pack Freebies/Textures/Wood 1
  artifactKey: Guid(b11b225fc65085c44a4afeb25413986f) Importer(815301076,1909f56bfc062723c751e8b465ee728b)
Start importing Assets/9t5 PBR Textures Pack Freebies/Textures/Wood 1 using Guid(b11b225fc65085c44a4afeb25413986f) Importer(815301076,1909f56bfc062723c751e8b465ee728b)  -> (artifact id: 'e01fb6e826ae1eeefe200ea49c41188e') in 0.004312 seconds 
  Import took 0.017293 seconds .

========================================================================
Received Import Request.
  Time since last request: 0.005943 seconds.
  path: Assets/9t5 PBR Textures Pack Freebies/Textures/Tiles 1/Tiles 1.mat
  artifactKey: Guid(51f0a4430d558874dbb3630cc9c3988d) Importer(815301076,1909f56bfc062723c751e8b465ee728b)
Start importing Assets/9t5 PBR Textures Pack Freebies/Textures/Tiles 1/Tiles 1.mat using Guid(51f0a4430d558874dbb3630cc9c3988d) Importer(815301076,1909f56bfc062723c751e8b465ee728b)  -> (artifact id: '7e4521cfce34baea318ce3e4f8622104') in 0.041902 seconds 
  Import took 0.046455 seconds .

========================================================================
Received Import Request.
  Time since last request: 0.062718 seconds.
  path: Assets/9t5 PBR Textures Pack Freebies/Textures/Grass 1/Grass 1.mat
  artifactKey: Guid(0d4a69323a1138c419a1e3aaa4a1d529) Importer(815301076,1909f56bfc062723c751e8b465ee728b)
Start importing Assets/9t5 PBR Textures Pack Freebies/Textures/Grass 1/Grass 1.mat using Guid(0d4a69323a1138c419a1e3aaa4a1d529) Importer(815301076,1909f56bfc062723c751e8b465ee728b)  -> (artifact id: '4ef7729a07a9b88399cdf4966c80871a') in 0.033019 seconds 
  Import took 0.038413 seconds .

========================================================================
Received Import Request.
  Time since last request: 0.033788 seconds.
  path: Assets/9t5 PBR Textures Pack Freebies/Textures/Cracked Earth 1
  artifactKey: Guid(dbb595fb18c36a5428f91e44917c641a) Importer(815301076,1909f56bfc062723c751e8b465ee728b)
Start importing Assets/9t5 PBR Textures Pack Freebies/Textures/Cracked Earth 1 using Guid(dbb595fb18c36a5428f91e44917c641a) Importer(815301076,1909f56bfc062723c751e8b465ee728b)  -> (artifact id: 'caa16203cfb8814a3465e9b3d3beb5e1') in 0.009798 seconds 
  Import took 0.022175 seconds .

========================================================================
Received Import Request.
  Time since last request: 0.117758 seconds.
  path: Assets/9t5 PBR Textures Pack Freebies/Scenes/Demo Freebies.unity
  artifactKey: Guid(2d0e8bef6a59eb14a9e14305c5a2df02) Importer(815301076,1909f56bfc062723c751e8b465ee728b)
Start importing Assets/9t5 PBR Textures Pack Freebies/Scenes/Demo Freebies.unity using Guid(2d0e8bef6a59eb14a9e14305c5a2df02) Importer(815301076,1909f56bfc062723c751e8b465ee728b)  -> (artifact id: 'b670843c0bdf20d02c619d9c6c180e4f') in 0.013074 seconds 
  Import took 0.022332 seconds .

========================================================================
Received Import Request.
  Time since last request: 0.452800 seconds.
  path: Assets/9t5 PBR Textures Pack Freebies/Textures/Brick 1
  artifactKey: Guid(d48360e69f9a93642a2de89c0c1432ba) Importer(815301076,1909f56bfc062723c751e8b465ee728b)
Start importing Assets/9t5 PBR Textures Pack Freebies/Textures/Brick 1 using Guid(d48360e69f9a93642a2de89c0c1432ba) Importer(815301076,1909f56bfc062723c751e8b465ee728b)  -> (artifact id: 'f24193ff7b23bed957b850aca7ae272b') in 0.007657 seconds 
  Import took 0.020552 seconds .

========================================================================
Received Import Request.
  Time since last request: 0.005286 seconds.
  path: Assets/9t5 PBR Textures Pack Freebies
  artifactKey: Guid(779cd72148d2eeb42a0aabfe57d04cd8) Importer(815301076,1909f56bfc062723c751e8b465ee728b)
Start importing Assets/9t5 PBR Textures Pack Freebies using Guid(779cd72148d2eeb42a0aabfe57d04cd8) Importer(815301076,1909f56bfc062723c751e8b465ee728b)  -> (artifact id: '412f1acb4745b75884c5b2059375fff4') in 0.007253 seconds 
  Import took 0.020446 seconds .

========================================================================
Received Import Request.
  Time since last request: 0.004736 seconds.
  path: Assets/9t5 PBR Textures Pack Freebies/Textures/Gravel 1
  artifactKey: Guid(9f81e477756306548a195b73c4e212c2) Importer(815301076,1909f56bfc062723c751e8b465ee728b)
Start importing Assets/9t5 PBR Textures Pack Freebies/Textures/Gravel 1 using Guid(9f81e477756306548a195b73c4e212c2) Importer(815301076,1909f56bfc062723c751e8b465ee728b)  -> (artifact id: '7a278ad24474df640bb18b12a843e3c0') in 0.006563 seconds 
  Import took 0.021916 seconds .

========================================================================
Received Import Request.
  Time since last request: 0.005267 seconds.
  path: Assets/9t5 PBR Textures Pack Freebies/Textures/Stones 1
  artifactKey: Guid(5177cb3f7941fbc4e90a187970927606) Importer(815301076,1909f56bfc062723c751e8b465ee728b)
Start importing Assets/9t5 PBR Textures Pack Freebies/Textures/Stones 1 using Guid(5177cb3f7941fbc4e90a187970927606) Importer(815301076,1909f56bfc062723c751e8b465ee728b)  -> (artifact id: '4452bfebfd25ba984eb25265fa14370e') in 0.009092 seconds 
  Import took 0.014028 seconds .

========================================================================
Received Import Request.
  Time since last request: 0.006686 seconds.
  path: Assets/Materials/Red.mat
  artifactKey: Guid(605ed6c510a15f04aa7809c78e9c9c16) Importer(815301076,1909f56bfc062723c751e8b465ee728b)
Start importing Assets/Materials/Red.mat using Guid(605ed6c510a15f04aa7809c78e9c9c16) Importer(815301076,1909f56bfc062723c751e8b465ee728b)  -> (artifact id: '606d0d77ee2b67eb2a684df6591caf45') in 0.048650 seconds 
  Import took 0.054201 seconds .

========================================================================
Received Import Request.
  Time since last request: 0.006498 seconds.
  path: Assets/9t5 PBR Textures Pack Freebies/Textures/Rock 1
  artifactKey: Guid(7aff3aa281fc6b44f9177dd7436dbe67) Importer(815301076,1909f56bfc062723c751e8b465ee728b)
Start importing Assets/9t5 PBR Textures Pack Freebies/Textures/Rock 1 using Guid(7aff3aa281fc6b44f9177dd7436dbe67) Importer(815301076,1909f56bfc062723c751e8b465ee728b)  -> (artifact id: '1ae2e0e9b92e045e832bd9abe81fa0de') in 0.006552 seconds 
  Import took 0.023202 seconds .

========================================================================
Received Import Request.
  Time since last request: 0.039256 seconds.
  path: Assets/9t5 PBR Textures Pack Freebies/Textures/Concrete 1
  artifactKey: Guid(8e61fc8fdcf353940a059285caf58acb) Importer(815301076,1909f56bfc062723c751e8b465ee728b)
Start importing Assets/9t5 PBR Textures Pack Freebies/Textures/Concrete 1 using Guid(8e61fc8fdcf353940a059285caf58acb) Importer(815301076,1909f56bfc062723c751e8b465ee728b)  -> (artifact id: '2e5ad75d675e371df691f5ed07f1cc35') in 0.004318 seconds 
  Import took 0.008691 seconds .

========================================================================
Received Import Request.
  Time since last request: 0.115030 seconds.
  path: Assets/9t5 PBR Textures Pack Freebies/Scenes
  artifactKey: Guid(114412371b0a3034bb71fcc13e91e85d) Importer(815301076,1909f56bfc062723c751e8b465ee728b)
Start importing Assets/9t5 PBR Textures Pack Freebies/Scenes using Guid(114412371b0a3034bb71fcc13e91e85d) Importer(815301076,1909f56bfc062723c751e8b465ee728b)  -> (artifact id: 'bdbbd2287c473ea03aa2e327152b578c') in 0.006116 seconds 
  Import took 0.026311 seconds .

========================================================================
Received Import Request.
  Time since last request: 0.007146 seconds.
  path: Assets/9t5 PBR Textures Pack Freebies/Scenes/Demo FreebiesSettings.lighting
  artifactKey: Guid(58f78c4e2c44488419109422ca8b5656) Importer(815301076,1909f56bfc062723c751e8b465ee728b)
Start importing Assets/9t5 PBR Textures Pack Freebies/Scenes/Demo FreebiesSettings.lighting using Guid(58f78c4e2c44488419109422ca8b5656) Importer(815301076,1909f56bfc062723c751e8b465ee728b)  -> (artifact id: 'd194ad97bc35ba932c7bae2ebd11d231') in 0.009868 seconds 
  Import took 0.014596 seconds .

========================================================================
Received Import Request.
  Time since last request: 0.024189 seconds.
  path: Assets/9t5 PBR Textures Pack Freebies/Scenes/Demo
  artifactKey: Guid(49efa701624415247a862261aad81fe1) Importer(815301076,1909f56bfc062723c751e8b465ee728b)
Start importing Assets/9t5 PBR Textures Pack Freebies/Scenes/Demo using Guid(49efa701624415247a862261aad81fe1) Importer(815301076,1909f56bfc062723c751e8b465ee728b)  -> (artifact id: 'f522d16382132b2f380531fc5cdf46d6') in 0.005752 seconds 
  Import took 0.021150 seconds .

========================================================================
Received Import Request.
  Time since last request: 0.016821 seconds.
  path: Assets/9t5 PBR Textures Pack Freebies/Textures/Tiles 1
  artifactKey: Guid(3fecf88a4be0081409de08a74d470e67) Importer(815301076,1909f56bfc062723c751e8b465ee728b)
Start importing Assets/9t5 PBR Textures Pack Freebies/Textures/Tiles 1 using Guid(3fecf88a4be0081409de08a74d470e67) Importer(815301076,1909f56bfc062723c751e8b465ee728b)  -> (artifact id: 'e9cd43d0d937be92d9404c1b0f799fac') in 0.005029 seconds 
  Import took 0.016123 seconds .

========================================================================
Received Import Request.
  Time since last request: 0.057552 seconds.
  path: Assets/9t5 PBR Textures Pack Freebies/Textures/Grass 1
  artifactKey: Guid(a2844784d1e0bea42af1fadc339c8de1) Importer(815301076,1909f56bfc062723c751e8b465ee728b)
Start importing Assets/9t5 PBR Textures Pack Freebies/Textures/Grass 1 using Guid(a2844784d1e0bea42af1fadc339c8de1) Importer(815301076,1909f56bfc062723c751e8b465ee728b)  -> (artifact id: '078b2b6a7fac94bb44f34b24eade2168') in 0.007680 seconds 
  Import took 0.011754 seconds .

========================================================================
Received Import Request.
  Time since last request: 0.160504 seconds.
  path: Assets/9t5 PBR Textures Pack Freebies/Textures/Dirt 1
  artifactKey: Guid(e83e87d4b0b107e4aaa8e41db93ad420) Importer(815301076,1909f56bfc062723c751e8b465ee728b)
Start importing Assets/9t5 PBR Textures Pack Freebies/Textures/Dirt 1 using Guid(e83e87d4b0b107e4aaa8e41db93ad420) Importer(815301076,1909f56bfc062723c751e8b465ee728b)  -> (artifact id: 'a8b9ea180b78938b245aa79e4fc62d5f') in 0.005458 seconds 
  Import took 0.020278 seconds .

========================================================================
Received Import Request.
  Time since last request: 0.104584 seconds.
  path: Assets/9t5 PBR Textures Pack Freebies/Textures/Foliage 1
  artifactKey: Guid(4dd95315ad0871b4dbbf1b3928963992) Importer(815301076,1909f56bfc062723c751e8b465ee728b)
Start importing Assets/9t5 PBR Textures Pack Freebies/Textures/Foliage 1 using Guid(4dd95315ad0871b4dbbf1b3928963992) Importer(815301076,1909f56bfc062723c751e8b465ee728b)  -> (artifact id: '54093d0eff4613f3ede8bbac11e0794d') in 0.005557 seconds 
  Import took 0.027628 seconds .

========================================================================
Received Import Request.
  Time since last request: 0.081479 seconds.
  path: Assets/9t5 PBR Textures Pack Freebies/Scenes/Demo/LightingData.asset
  artifactKey: Guid(9411a5ac9f176d04f965dbdd085bf82d) Importer(815301076,1909f56bfc062723c751e8b465ee728b)
Start importing Assets/9t5 PBR Textures Pack Freebies/Scenes/Demo/LightingData.asset using Guid(9411a5ac9f176d04f965dbdd085bf82d) Importer(815301076,1909f56bfc062723c751e8b465ee728b)  -> (artifact id: '6c6c34d1e39448db6f9fa1d6f231d21f') in 0.010985 seconds 
  Import took 0.015130 seconds .

AssetImportWorkerClient::OnTransportError - code=2 error=End of file
